
VMTimerEvent,10000000,0,5033729,0,0,0,0,4966271,0
VMTimerEvent,10000000,30660,2763895,3631118,0,38140,3524079,12108,0
VMTimerEvent,10000000,294281,0,5859272,3086167,366120,394160,0,0
VMTimerEvent,10000000,397028,0,3203430,2238450,1850242,2173875,136975,0
VMTimerEvent,10000000,464870,0,3560356,2236297,1585926,2142776,9775,0
VMTimerEvent,10000000,577462,0,4901310,1606654,1669128,561048,684398,0
VMTimerEvent,10000000,369003,0,6198016,2222242,733929,348230,128580,0
VMTimerEvent,10000000,0,0,10000000,0,0,0,0,0
VMTimerEvent,10000000,44598,0,9529062,138946,212170,29362,45862,0
VMTimerEvent,10000000,487450,0,3586426,5447550,460532,1240,16802,0
VMTimerEvent,10000000,1084421,0,3457086,2707341,2664636,5620,80896,0
VMTimerEvent,10000000,575697,2732838,2010698,2512783,1222793,481091,464100,0
VMTimerEvent,10000000,231971,0,2191030,1685197,718322,190814,4982666,0
VMTimerEvent,10000000,0,0,0,0,0,0,10000000,0
VMTimerEvent,10000000,0,0,0,0,0,0,10000000,0
VMTimerEvent,10000000,0,0,0,0,0,0,10000000,0
VMTimerEvent,10000000,0,0,0,0,0,0,10000000,0
VMTimerEvent,10000000,0,0,0,0,0,0,10000000,0
VMTimerEvent,10000000,0,0,0,0,0,0,10000000,0
VMTimerEvent,10000000,0,0,0,0,0,0,10000000,0
VMTimerEvent,10000000,0,0,0,0,0,0,10000000,0
VMTimerEvent,10000000,0,0,0,0,0,0,10000000,0
VMTimerEvent,10000000,0,0,0,0,0,0,10000000,0
VMTimerEvent,10000000,0,0,0,0,0,0,10000000,0
VMTimerEvent,10000000,0,0,0,0,0,0,10000000,0
VMTimerEvent,10000000,0,0,0,0,0,0,10000000,0
VMTimerEvent,10000000,173081,0,1389190,572126,287057,161533,7417013,0
VMTimerEvent,10000000,498065,0,3806740,2063054,905407,130708,2596026,0
VMTimerEvent,10000000,504539,0,5709930,1317545,777457,441040,1249489,0
VMTimerEvent,10000000,0,0,10000000,0,0,0,0,0
VMTimerEvent,10000000,0,0,10000000,0,0,0,0,0
VMTimerEvent,10000000,0,0,100
VMTimerEvent,10000000,1039168,3228929,1837993,1307412,947979,764228,874291,000000,0,0,10000000,0,0,0,0,0
VMTimerEvent,10000000,0,0,10000000,0,0,0,0,0
VMTimerEvent,10000000,0,0,10000000,0,0,0,0,0
VMTimerEvent,10000000,0,0,10000000,0,0,0,0,0
VMTimerEvent,10000000,220834,0,6870036,1069654,245212,1530730,63534,0
VMTimerEvent,10000000,828226,0,3785534,4043352,1201528,32372,108988,0
VMTimerEvent,10000000,1073392,2219158,2905082,809812,2940726,1838,49992,0
VMTimerEvent,10000000,1378186,0,2765194,3898414,1826032,23184,108990,0
VMTimerEvent,10000000,1531224,0,3027777,3346234,2066721,10098,17946,0
VMTimerEvent,10000000,568625,0,3962920,2511981,736523,79432,2140519,0
VMTimerEvent,10000000,429874,2217828,3801790,1439857,1225042,292642,592967,0
VMTimerEvent,10000000,730702,0,4896286,2544562,580030,97086,1151334,0
VMTimerEvent,10000000,773357,0,5155852,1940372,1350607,44872,734940,0
VMTimerEvent,10000000,859212,0,1949540,2258551,2268421,18084,2646192,0
VMTimerEvent,10000000,962503,0,4601200,2532625,1613480,143968,146224,0
VMTimerEvent,10000000,771761,0,5735604,2468447,787916,71544,164728,0
VMTimerEvent,10000000,884838,0,5107145,3347681,560434,37266,62636,0
VMTimerEvent,10000000,585162,0,4633798,2750891,483239,51748,1495162,0
VMTimerEvent,10000000,745023,0,4450700,1828590,1129506,350401,1495780,0
VMTimerEvent,10000000,592562,0,3115130,2241499,637523,151565,3261721,0
VMTimerEvent,10000000,565693,0,4660375,3267945,385498,64934,1055555,0
VMTimerEvent,10000000,486416,0,2717137,1815330,375394,173294,4432429,0
VMTimerEvent,10000000,807450,0,3815269,2890113,951734,111213,1424221,0
VMTimerEvent,10000000,740885,0,3986253,2991852,475696,55235,1750079,0
VMTimerEvent,10000000,1154697,0,4940653,1814217,1854495,29416,206522,0
VMTimerEvent,10000000,862119,0,4386195,3020002,583604,66814,1081266,0
VMTimerEvent,10000000,691406,0,5865387,2128766,689576,221728,403137,0
VMTimerEvent,10000000,1024716,0,4486324,2413632,1416072,129592,529664,0
VMTimerEvent,10000000,0,0,10000000,0,0,0,0,0
VMTimerEvent,10000000,0,0,10000000,0,0,0,0,0
VMTimerEvent,10000000,132550,0,9358590,379626,104615,24619,0,0
VMTimerEvent,10000000,1960303,0,3140971,2603007,2184412,1760,109547,0
VMTimerEvent,10000000,493840,3762530,3526852,933173,644289,72726,566590,0
VMTimerEvent,10000000,738382,0,4632172,1634278,1027308,89722,1878138,0
VMTimerEvent,10000000,645439,0,4330467,1739915,954202,98055,2231922,0
VMTimerEvent,10000000,676665,0,6555290,1472817,683826,237348,374054,0
VMTimerEvent,10000000,0,0,10000000,0,0,0,0,0
VMTimerEvent,10000000,0,0,10000000,0,0,0,0,0
VMTimerEvent,10000000,145176,0,8913891,625859,289284,25790,0,0
VMTimerEvent,10000000,814239,0,5071056,2609934,1454277,8010,42484,0
VMTimerEvent,10000000,733057,0,2963288,2674141,1022464,69710,2537340,0
VMTimerEvent,10000000,958626,0,4897642,3126892,724012,38562,254266,0
VMTimerEvent,10000000,990098,0,2711234,2815356,889182,92536,2501594,0
VMTimerEvent,10000000,1478068,0,3015142,2868820,1312402,352140,973428,0
VMTimerEvent,10000000,1444760,0,3986506,1799378,1951720,306964,510672,0
VMTimerEvent,10000000,788044,0,3819632,2174496,1289800,164544,1763484,0
VMTimerEvent,10000000,442514,0,7509844,893417,781055,123696,249474,0
VMTimerEvent,10000000,0,0,10000000,0,0,0,0,0
VMTimerEvent,10000000,0,0,10000000,0,0,0,0,0
VMTimerEvent,10000000,0,0,10000000,0,0,0,0,0
VMTimerEvent,10000000,808024,0,3424705,3365685,1895461,136687,369438,0
VMTimerEvent,10000000,869041,0,2336632,4377557,2252083,47803,116884,0
VMTimerEvent,10000000,761495,0,2411083,3866816,1121192,37263,1802151,0
VMTimerEvent,10000000,567268,5173164,1296631,1126243,1584981,49083,202630,0
VMTimerEvent,10000000,991691,0,4334953,3025133,1247861,140842,259520,0
VMTimerEvent,10000000,866681,0,4121285,2821621,1444758,104004,641651,0
VMTimerEvent,10000000,3259856,0,995706,2807587,783543,1180559,972749,0
VMTimerEvent,10000000,2072485,0,1385300,2992784,1420076,662095,1467260,0
VMTimerEvent,10000000,919457,0,1394250,4093019,2580184,344141,668949,0
VMTimerEvent,10000000,753545,0,4036750,4147255,347390,220670,494390,0
VMTimerEvent,10000000,1090963,0,1759350,4869575,1140490,598182,541440,0
VMTimerEvent,10000000,1144823,0,2845850,2652811,2436974,270572,648970,0
VMTimerEvent,10000000,764840,0,1979730,2265242,601438,140611,4248139,0
VMTimerEvent,10000000,2999274,0,1486634,1014102,192852,16502,4290636,0
VMTimerEvent,10000000,840898,0,4078580,2341466,2407924,49978,281154,0
VMTimerEvent,10000000,2380300,0,1894310,2979332,1283337,728575,734146,0
VMTimerEvent,10000000,632555,0,5614486,2006380,1746579,0,0,0
VMTimerEvent,10000000,651710,0,4433229,2943145,309415,220255,1442246,0
VMTimerEvent,10000000,326745,0,1417550,813370,187150,95475,7159710,0
VMTimerEvent,10000000,0,0,0,0,0,0,10000000,0
VMTimerEvent,10000000,0,0,0,0,0,0,10000000,0
VMTimerEvent,10000000,630124,0,0,1107680,7556,2384,8252256,0
VMTimerEvent,10000000,2327286,0,5338320,1895146,348176,1184,89888,0
VMTimerEvent,10000000,1417840,0,3391046,2583954,2385960,7670,213530,0
VMTimerEvent,10000000,1594775,0,3287647,1340364,3583402,10000,183812,0
VMTimerEvent,10000000,1331617,0,2858462,2704122,1300911,168143,1636745,0
VMTimerEvent,10000000,1973115,0,386352,4154636,1748018,334232,1403647,0
VMTimerEvent,10000000,496179,0,2646924,2506740,385483,133906,3830768,0
VMTimerEvent,10000000,1224470,0,1643310,3679090,334230,455610,2663290,0
VMTimerEvent,10000000,578937,0,112815,2883362,120947,4348,6299591,0
VMTimerEvent,10000000,2255669,0,1493985,2478257,3147190,69022,555877,0
VMTimerEvent,10000000,3336671,0,2243250,687514,2085925,532843,1113797,0
VMTimerEvent,10000000,3519702,0,524120,1450916,3315895,283128,906239,0
VMTimerEvent,10000000,936400,0,1947070,1928130,163035,180510,4844855,0
VMTimerEvent,10000000,4633893,0,1601216,247430,2248353,123504,1145604,0
VMTimerEvent,10000000,4431070,0,192948,1152995,1414934,1717107,1090946,0
VMTimerEvent,10000000,2896851,0,0,2052666,2826672,669419,1554392,0
VMTimerEvent,10000000,2587020,0,521790,513560,857605,299770,5220255,0
VMTimerEvent,10000000,7656857,0,375756,353490,793224,82202,738471,0
VMTimerEvent,10000000,2963529,0,1733084,548398,3442973,440352,871664,0
VMTimerEvent,10000000,180982,9454368,0,0,139880,38470,186300,0
VMTimerEvent,10000000,2089116,2293002,3215929,328940,939997,175367,957649,0
VMTimerEvent,10000000,2463090,0,481660,1009182,2571783,347921,3126364,0
VMTimerEvent,10000000,4578340,0,1294471,498938,2495030,305111,828110,0
VMTimerEvent,10000000,4130710,0,1522370,1648350,1548920,300694,848956,0
VMTimerEvent,10000000,4043790,0,922200,33088,1531224,126050,3343648,0
VMTimerEvent,10000000,2591838,0,3062732,551075,2793062,202868,798425,0
VMTimerEvent,10000000,3375989,0,1532820,604035,1938693,582289,1966174,0
VMTimerEvent,10000000,4842034,0,1273338,370047,2438704,112946,962931,0
VMTimerEvent,10000000,3793327,0,1444615,996537,2172332,665199,927990,0
VMTimerEvent,10000000,4842602,0,0,208462,770114,400534,3778288,0
VMTimerEvent,10000000,7852010,0,0,9926,1332734,90944,714386,0
VMTimerEvent,10000000,2625440,0,2217738,383593,3957794,93508,721927,0
VMTimerEvent,10000000,1772656,0,1676975,1211333,4994433,255380,89223,0
VMTimerEvent,10000000,1191142,0,3680609,3271258,1475511,7660,373820,0
VMTimerEvent,10000000,601910,0,5220384,1778438,1349708,176754,872806,0
VMTimerEvent,10000000,746908,0,4312310,1898820,605932,131310,2304720,0
VMTimerEvent,10000000,484058,0,2111474,956036,435404,41225,5971803,0
VMTimerEvent,10000000,357069,0,1573103,1139980,268572,496729,6164547,0
VMTimerEvent,10000000,1589768,0,1549503,1985502,2651541,175879,2047807,0
VMTimerEvent,10000000,35234,0,222698,74764,14393,8346,9644565,0
VMTimerEvent,10000000,688544,0,507461,476546,3713646,92389,4521414,0
VMTimerEvent,10000000,5899192,0,1599632,426623,486654,51383,1536516,0
VMTimerEvent,10000000,1294263,0,1493622,655269,681156,127704,5747986,0
VMTimerEvent,10000000,1619783,0,402868,1182353,4683326,332709,1778961,0
VMTimerEvent,10000000,403712,0,2073057,109138,6738388,158823,516882,0
VMTimerEvent,10000000,184992,0,400547,184100,163500,149742,8917119,0
VMTimerEvent,10000000,64112,0,207923,128026,7215,123562,9469162,0
VMTimerEvent,10000000,0,0,0,0,0,0,10000000,0
VMTimerEvent,10000000,0,0,0,0,0,5197,9994803,0
VMTimerEvent,10000000,0,0,0,0,0,0,10000000,0
VMTimerEvent,10000000,0,0,0,0,0,0,10000000,0
VMTimerEvent,10000000,0,0,0,0,0,0,10000000,0
VMTimerEvent,10000000,0,0,0,0,0,0,10000000,0
VMTimerEvent,10000000,0,0,0,0,0,0,10000000,0
VMTimerEvent,10000000,0,0,0,0,0,0,10000000,0
VMTimerEvent,10000000,0,0,0,0,0,0,10000000,0
VMTimerEvent,10000000,0,0,0,0,0,0,10000000,0
VMTimerEvent,10000000,0,0,0,0,0,0,10000000,0
VMTimerEvent,10000000,0,0,0,0,0,0,10000000,0
VMTimerEvent,10000000,0,0,0,0,0,0,10000000,0
VMTimerEvent,10000000,0,0,0,0,0,0,10000000,0
VMTimerEvent,10000000,0,0,0,0,0,0,10000000,0
VMTimerEvent,10000000,0,0,0,0,0,0,10000000,0
VMTimerEvent,10000000,0,0,0,0,0,0,10000000,0
VMTimerEvent,10000000,0,0,0,0,0,0,10000000,0
VMTimerEvent,10000000,0,0,0,0,0,0,10000000,0
VMTimerEvent,10000000,0,0,0,0,0,0,10000000,0
VMTimerEvent,10000000,0,0,0,0,0,0,10000000,0
VMTimerEvent,10000000,0,0,0,0,0,0,10000000,0
VMTimerEvent,10000000,0,0,0,0,0,0,10000000,0
VMTimerEvent,10000000,0,0,0,0,0,0,10000000,0
VMTimerEvent,10000000,0,0,0,0,0,0,10000000,0
VMTimerEvent,10000000,0,0,0,0,0,0,10000000,0
VMTimerEvent,10000000,0,0,0,0,0,0,10000000,0
VMTimerEvent,10000000,0,0,0,0,0,0,10000000,0
VMTimerEvent,10000000,0,0,0,0,0,0,10000000,0
VMTimerEvent,10000000,0,0,0,0,0,0,10000000,0
VMTimerEvent,10000000,134930,0,0,488988,31664,43168,9301250,0
VMTimerEvent,10000000,0,0,0,0,0,0,10000000,0
VMTimerEvent,10000000,0,0,0,0,0,0,10000000,0
VMTimerEvent,10000000,0,0,0,0,0,0,10000000,0
VMTimerEvent,10000000,1444878,0,786026,773868,1852996,204340,4937892,0
VMTimerEvent,10000000,72319,3930617,0,113556,5494269,77941,311298,0
VMTimerEvent,10000000,11032,9160494,0,0,532230,34344,261900,0
VMTimerEvent,10000000,770180,1873130,1242160,984148,3337508,145416,1647458,0
VMTimerEvent,10000000,871657,0,2287238,468770,2217781,173211,3981343,0
VMTimerEvent,10000000,746490,0,2430836,287438,612328,310053,5612855,0
VMTimerEvent,10000000,1012917,0,2340216,3001711,1593022,106953,1945181,0
VMTimerEvent,10000000,2257388,0,2318365,2919812,1838399,125782,540254,0
VMTimerEvent,10000000,1079843,0,418897,5379123,466260,32522,2623355,0
VMTimerEvent,10000000,1095433,0,827112,2999428,1123810,139292,3814925,0
VMTimerEvent,10000000,0,0,0,0,0,0,10000000,0
VMTimerEvent,10000000,678998,0,988496,2011480,782775,167133,5371118,0
VMTimerEvent,10000000,2382881,359345,2050576,786908,4094252,56741,269297,0
VMTimerEvent,10000000,1370006,1272535,1531415,2418153,924736,741603,1741552,0
VMTimerEvent,10000000,1175154,0,2621468,2023235,917545,426335,2836263,0
VMTimerEvent,10000000,1214049,0,4007623,2027374,645857,236212,1868885,0
VMTimerEvent,10000000,1378182,0,2033101,3371474,278605,46155,2892483,0
VMTimerEvent,10000000,1405131,0,914118,3765349,1284061,88458,2542883,0
VMTimerEvent,10000000,1511070,0,2239835,2284049,1811147,275784,1878115,0
VMTimerEvent,10000000,1874372,0,2706535,2234332,2756747,198192,229822,0
VMTimerEvent,10000000,0,0,10000000,0,0,0,0,0
VMTimerEvent,10000000,0,0,10000000,0,0,0,0,0
VMTimerEvent,10000000,0,0,10000000,0,0,0,0,0
VMTimerEvent,10000000,0,0,10000000,0,0,0,0,0
VMTimerEvent,10000000,1045309,0,3259421,2876768,2785388,27249,5865,0
VMTimerEvent,10000000,1678438,0,2753912,3079866,2072614,131814,283356,0
VMTimerEvent,10000000,792039,0,3391071,1471540,1111630,90334,3143386,0
VMTimerEvent,10000000,992481,0,3911419,3089667,790222,193877,1022334,0
VMTimerEvent,10000000,957463,0,2681484,4622439,1053507,127510,557597,0
VMTimerEvent,10000000,859680,0,4260974,3129882,1047824,54752,646888,0
VMTimerEvent,10000000,1622303,0,2875553,2190387,1085642,386153,1839962,0
VMTimerEvent,10000000,3032800,0,2715311,1425786,1607732,867546,350825,0
VMTimerEvent,10000000,5430168,0,2652570,333456,1090618,379688,113500,0
VMTimerEvent,10000000,3326198,0,2577602,1440636,1735604,703184,216776,0
VMTimerEvent,10000000,2790289,0,4431982,149610,1428889,945558,253672,0
VMTimerEvent,10000000,3438529,0,3278350,1036230,1576391,496890,173610,0
VMTimerEvent,10000000,4138210,0,2689540,524090,1734010,757460,156690,0
VMTimerEvent,10000000,3127871,0,4748769,128060,1249510,559740,186050,0
VMTimerEvent,10000000,3233690,0,1884700,1393360,2133140,1091560,263550,0
VMTimerEvent,10000000,3076390,0,2056099,2087206,947822,873161,959322,0
VMTimerEvent,10000000,5023091,0,572550,403445,1492023,1436606,1072285,0
VMTimerEvent,10000000,2249735,0,5598597,125936,617009,715863,692860,0
VMTimerEvent,10000000,3843598,0,1683035,1107312,1477726,942016,946313,0
VMTimerEvent,10000000,4488181,0,1532484,485039,1369320,1151152,973824,0
VMTimerEvent,10000000,185187,9452183,0,0,33470,0,329160,0
VMTimerEvent,10000000,3399150,1657647,436253,244464,1232484,1559514,1470488,0
VMTimerEvent,10000000,2342520,0,4180767,1002663,1513750,798050,162250,0
VMTimerEvent,10000000,4354020,0,196507,1358343,1936066,1875444,279620,0
VMTimerEvent,10000000,3494662,0,998673,162190,1993558,2830995,519922,0
VMTimerEvent,10000000,2637590,0,1567387,1684320,2350856,1166301,593546,0
VMTimerEvent,10000000,1956720,0,2631710,1427110,3566250,18250,399960,0
VMTimerEvent,10000000,1495130,0,2498624,1888258,1539540,112763,2465685,0
VMTimerEvent,10000000,1191704,0,3161904,2041742,985878,153218,2465554,0
VMTimerEvent,10000000,1944700,0,2549420,2228516,2411114,162310,703940,0
VMTimerEvent,10000000,1403395,0,0,2531819,1892165,75092,4097529,0
VMTimerEvent,10000000,2486249,0,1798136,858871,3497146,422234,937364,0
VMTimerEvent,10000000,1270820,0,3411088,2427900,598700,139623,2151869,0
VMTimerEvent,10000000,1287778,0,856192,688535,1533986,71262,5562247,0
VMTimerEvent,10000000,169195,0,0,37251,70366,9470,9713718,0
VMTimerEvent,10000000,0,0,0,0,0,0,10000000,0
VMTimerEvent,10000000,0,0,0,0,0,0,10000000,0
VMTimerEvent,10000000,0,0,0,0,0,0,10000000,0
VMTimerEvent,10000000,0,0,0,0,0,0,10000000,0
VMTimerEvent,10000000,4252190,0,699284,416280,1466007,114936,3051303,0
VMTimerEvent,10000000,4551586,0,257982,411494,1078485,46410,3654043,0
VMTimerEvent,10000000,1575813,0,916776,141162,1142541,144315,6079393,0
VMTimerEvent,10000000,1044728,0,325787,209604,5640160,396143,2383578,0
VMTimerEvent,10000000,830200,0,4128642,1579172,556184,250536,2655266,0
VMTimerEvent,10000000,0,0,0,0,0,15098,9984902,0
VMTimerEvent,10000000,80832,0,0,38992,8156,158585,9713435,0
VMTimerEvent,10000000,0,0,0,0,0,0,10000000,0
VMTimerEvent,10000000,0,0,0,0,0,0,10000000,0
VMTimerEvent,10000000,0,0,0,0,0,0,10000000,0
VMTimerEvent,10000000,0,0,0,0,0,0,10000000,0
VMTimerEvent,10000000,127889,0,0,77781,23139,53232,9717959,0
VMTimerEvent,10000000,0,0,0,0,0,0,10000000,0
VMTimerEvent,10000000,0,0,0,0,0,0,10000000,0
VMTimerEvent,10000000,0,0,0,0,0,0,10000000,0
VMTimerEvent,10000000,1870556,4295068,0,725904,1685108,263943,1159421,0
VMTimerEvent,10000000,1198815,0,2797361,601768,2240277,235273,2926506,0
VMTimerEvent,10000000,1901416,0,1612804,781314,2005794,196346,3502326,0
VMTimerEvent,10000000,3957612,0,1230298,2054572,1517436,160080,1080002,0
VMTimerEvent,10000000,1464788,0,638365,2571894,1368111,139458,3817384,0
VMTimerEvent,10000000,1604305,0,3100321,2538489,1578830,73600,1104455,0
VMTimerEvent,10000000,1939610,0,385254,3106710,1781520,310850,2476056,0
VMTimerEvent,10000000,1237310,0,144821,1569928,1562860,159928,5325153,0
VMTimerEvent,10000000,2736312,0,138711,935385,4090716,460014,1638862,0
VMTimerEvent,10000000,4009876,0,1604633,978845,1807484,900371,698791,0
VMTimerEvent,10000000,1991087,0,5641318,262822,1001232,910143,193398,0