
VMTimerEvent,10000000,0,4452685,0,0,0,0,5547315,0
VMTimerEvent,10000000,0,7767349,0,0,0,2191224,41427,0
VMTimerEvent,10000000,191888,0,5913289,3638833,214517,41473,0,0
VMTimerEvent,10000000,294797,0,7853298,771936,277059,703270,99640,0
VMTimerEvent,10000000,630656,0,2273610,3247408,2114644,1654998,78684,0
VMTimerEvent,10000000,487602,0,4275429,1844975,1296086,1842972,252936,0
VMTimerEvent,10000000,350373,0,6969014,1284090,895618,287869,213036,0
VMTimerEvent,10000000,0,0,10000000,0,0,0,0,0
VMTimerEvent,10000000,462855,0,4002095,4917279,544689,27547,45535,0
VMTimerEvent,10000000,1159617,0,3101126,3251665,2410934,4518,72140,0
VMTimerEvent,10000000,595782,0,5988429,1912265,1092999,324473,86052,0
VMTimerEvent,10000000,0,0,10000000,0,0,0,0,0
VMTimerEvent,10000000,0,0,10000000,0,0,0,0,0
VMTimerEvent,10000000,0,1088830,8850996,0,0,0,60174,0
VMTimerEvent,10000000,0,1805098,8183060,0,0,0,11842,0
VMTimerEvent,10000000,0,0,10000000,0,0,0,0,0
VMTimerEvent,10000000,0,0,10000000,0,0,0,0,0
VMTimerEvent,10000000,0,0,10000000,0,0,0,0,0
VMTimerEvent,10000000,0,0,10000000,0,0,0,0,0
VMTimerEvent,10000000,0,0,10000000,0,0,0,0,0
VMTimerEvent,10000000,0,0,10000000,0,0,0,0,0
VMTimerEvent,10000000,0,0,10000000,0,0,0,0,0
VMTimerEvent,10000000,0,0,10000000,0,0,0,0,0
VMTimerEvent,10000000,0,0,10000000,0,0,0,0,0
VMTimerEvent,10000000,0,0,10000000,0,0,0,0,0
VMTimerEvent,10000000,0,0,10000000,0,0,0,0,0
VMTimerEvent,10000000,0,0,10000000,0,0,0,0,0
VMTimerEvent,10000000,0,0,10000000,0,0,0,0,0
VMTimerEvent,10000000,0,0,10000000,0,0,0,0,0
VMTimerEvent,10000000,0,0,6310450,0,0,3689550,0,0
VMTimerEvent,10000000,804278,0,3280502,3653790,797974,1400716,62740,0
VMTimerEvent,10000000,1055239,0,4159553,3290946,1368296,56132,69834,0
VMTimerEvent,10000000,861920,1385111,3290673
VMTimerEvent,10000000,1378819,576850,2133547,1739489,1123671,1529587,1518037,0
VMTimerEvent,10000000,356690,7540674,736060,921220,151600,156140,137616,0096662,0,0,0
VMTimerEvent,10000000,570418,0,5068104,3306979,1017494,11306,25699,0
VMTimerEvent,10000000,792150,73000,3885386,3037806,851956,265756,1093946,0
VMTimerEvent,10000000,388759,2535076,1919128,4914441,222596,0,20000,0
VMTimerEvent,10000000,657874,0,5053479,3410018,608068,90947,179614,0
VMTimerEvent,10000000,1037466,0,5399920,2822674,728266,0,11674,0
VMTimerEvent,10000000,1691002,0,1845230,4554541,1868499,11382,29346,0
VMTimerEvent,10000000,1521769,0,2958237,4159615,1360379,0,0,0
VMTimerEvent,10000000,810897,0,4954747,3435159,615223,42932,141042,0
VMTimerEvent,10000000,558130,0,5137339,3872564,425553,318,6096,0
VMTimerEvent,10000000,509828,0,6641027,1433593,1415552,0,0,0
VMTimerEvent,10000000,1039799,0,4172567,2595014,1962261,100087,130272,0
VMTimerEvent,10000000,1766674,0,2480877,1264463,1105529,209050,3173407,0
VMTimerEvent,10000000,1201369,0,2946382,882186,1043581,216235,3710247,0
VMTimerEvent,10000000,807903,0,4453953,2682108,1206272,280118,569646,0
VMTimerEvent,10000000,803196,0,5566068,2301396,1213480,54856,61004,0
VMTimerEvent,10000000,349232,0,4703282,4778914,168572,0,0,0
VMTimerEvent,10000000,1091261,0,3957786,4559295,391658,0,0,0
VMTimerEvent,10000000,996614,0,4966568,2480826,850726,339316,365950,0
VMTimerEvent,10000000,908461,0,4810718,2491664,964436,78662,746059,0
VMTimerEvent,10000000,1136495,0,5002213,2801043,652026,62076,346147,0
VMTimerEvent,10000000,1897465,0,2432134,2708261,2962140,0,0,0
VMTimerEvent,10000000,709339,5676750,1445468,995805,1103865,0,68773,0
VMTimerEvent,10000000,864592,0,4165863,2994170,1513868,59339,402168,0
VMTimerEvent,10000000,169427,0,8722851,997311,82581,4057,23773,0
VMTimerEvent,10000000,1682981,0,3525689,3275237,1516093,0,0,0
VMTimerEvent,10000000,779208,0,2238102,2499662,569491,112789,3800748,0
VMTimerEvent,10000000,657523,0,3417263,1660975,2137927,22587,2103725,0
VMTimerEvent,10000000,1188647,0,2266679,1764360,1602236,35340,3142738,0
VMTimerEvent,10000000,842203,0,3884527,1095927,1810387,19657,2347299,0
VMTimerEvent,10000000,783576,0,3739187,1097652,3692418,57022,630145,0
VMTimerEvent,10000000,845457,0,1248680,1111203,707701,96476,5990483,0
VMTimerEvent,10000000,1061187,0,2746238,1414334,2649897,23659,2104685,0
VMTimerEvent,10000000,1142242,0,2105705,990866,1313416,52812,4394959,0
VMTimerEvent,10000000,1190732,0,5165305,1329527,2314436,0,0,0
VMTimerEvent,10000000,445198,0,1953820,1009757,294045,260017,6037163,0
VMTimerEvent,10000000,0,0,0,0,0,0,10000000,0
VMTimerEvent,10000000,0,0,0,0,0,0,10000000,0
VMTimerEvent,10000000,0,0,0,0,0,30040,9969960,0
VMTimerEvent,10000000,0,0,0,0,0,4040,9995960,0
VMTimerEvent,10000000,0,0,0,0,0,0,10000000,0
VMTimerEvent,10000000,0,0,0,0,0,12166,9987834,0
VMTimerEvent,10000000,0,0,0,0,0,0,10000000,0
VMTimerEvent,10000000,0,0,0,0,0,0,10000000,0
VMTimerEvent,10000000,0,0,0,0,0,0,10000000,0
VMTimerEvent,10000000,0,0,0,0,0,6106,9993894,0
VMTimerEvent,10000000,0,0,0,0,0,0,10000000,0
VMTimerEvent,10000000,0,0,0,0,0,0,10000000,0
VMTimerEvent,10000000,0,0,0,0,0,0,10000000,0
VMTimerEvent,10000000,0,0,0,0,0,0,10000000,0
VMTimerEvent,10000000,0,0,0,0,0,0,10000000,0
VMTimerEvent,10000000,0,0,0,0,0,0,10000000,0
VMTimerEvent,10000000,0,0,0,0,0,0,10000000,0
VMTimerEvent,10000000,234044,0,1979342,1097530,1139928,0,5549156,0
VMTimerEvent,10000000,556020,0,5184738,2028164,502020,1048082,680976,0
VMTimerEvent,10000000,766643,0,4004979,3932847,400056,339252,556223,0
VMTimerEvent,10000000,750408,0,4216596,2501610,657656,399828,1473902,0
VMTimerEvent,10000000,1750604,0,1893490,3308299,696098,712317,1639192,0
VMTimerEvent,10000000,1423794,0,2930122,2341949,1116768,444356,1743011,0
VMTimerEvent,10000000,1976857,0,6934046,0,307932,781165,0,0
VMTimerEvent,10000000,0,0,10000000,0,0,0,0,0
VMTimerEvent,10000000,0,0,10000000,0,0,0,0,0
VMTimerEvent,10000000,0,0,10000000,0,0,0,0,0
VMTimerEvent,10000000,338654,0,7377608,1342355,913263,24458,3662,0
VMTimerEvent,10000000,828551,0,4715193,2229651,1608404,20742,597459,0
VMTimerEvent,10000000,766741,0,3613364,2632616,1406312,61669,1519298,0
VMTimerEvent,10000000,1053108,0,4248525,3190489,1194419,33034,280425,0
VMTimerEvent,10000000,882455,0,3280348,3978505,792061,205120,861511,0
VMTimerEvent,10000000,1514853,0,3721837,1631562,2190921,332992,607835,0
VMTimerEvent,10000000,733416,741292,3245848,2163477,1357436,85758,1672773,0
VMTimerEvent,10000000,393324,6243164,1268616,698736,837492,236368,322300,0
VMTimerEvent,10000000,940428,0,2724844,3127288,477684,930184,1799572,0
VMTimerEvent,10000000,0,0,9092780,0,0,23940,883280,0
VMTimerEvent,10000000,0,0,10000000,0,0,0,0,0
VMTimerEvent,10000000,0,0,10000000,0,0,0,0,0
VMTimerEvent,10000000,0,0,10000000,0,0,0,0,0
VMTimerEvent,10000000,0,0,10000000,0,0,0,0,0
VMTimerEvent,10000000,0,0,10000000,0,0,0,0,0
VMTimerEvent,10000000,0,0,10000000,0,0,0,0,0
VMTimerEvent,10000000,0,0,10000000,0,0,0,0,0
VMTimerEvent,10000000,0,0,10000000,0,0,0,0,0
VMTimerEvent,10000000,0,0,10000000,0,0,0,0,0
VMTimerEvent,10000000,0,0,10000000,0,0,0,0,0
VMTimerEvent,10000000,0,0,10000000,0,0,0,0,0
VMTimerEvent,10000000,0,0,10000000,0,0,0,0,0
VMTimerEvent,10000000,0,0,10000000,0,0,0,0,0
VMTimerEvent,10000000,0,0,10000000,0,0,0,0,0
VMTimerEvent,10000000,346633,0,4459669,1733364,337576,3112140,10618,0
VMTimerEvent,10000000,1045827,0,3708805,4282998,962370,0,0,0
VMTimerEvent,10000000,1730914,0,3089437,1924034,3255615,0,0,0
VMTimerEvent,10000000,1089378,0,1222636,6128737,1559249,0,0,0
VMTimerEvent,10000000,1522506,0,1281968,5332331,1546871,37092,279232,0
VMTimerEvent,10000000,3213392,0,1195637,2334954,3031877,55933,168207,0
VMTimerEvent,10000000,221144,0,9009763,551600,166228,13837,37428,0
VMTimerEvent,10000000,0,0,10000000,0,0,0,0,0
VMTimerEvent,10000000,0,0,10000000,0,0,0,0,0
VMTimerEvent,10000000,222444,0,8223423,1048953,335692,21160,148328,0
VMTimerEvent,10000000,703193,0,3113437,3071094,2867830,68212,176234,0
VMTimerEvent,10000000,835426,0,1689382,3316380,3801606,28112,329094,0
VMTimerEvent,10000000,575384,0,2017542,2682720,1382483,37647,3304224,0
VMTimerEvent,10000000,3421954,0,2373980,2103610,1976952,33540,89964,0
VMTimerEvent,10000000,1103910,0,3979330,3032076,1711184,62132,111368,0
VMTimerEvent,10000000,1824952,0,1804486,2840333,2015439,818522,696268,0
VMTimerEvent,10000000,1222928,0,939612,6684544,546238,455782,150896,0
VMTimerEvent,10000000,153488,0,5465288,653216,175472,745324,2807212,0
VMTimerEvent,10000000,0,0,10000000,0,0,0,0,0
VMTimerEvent,10000000,0,0,10000000,0,0,0,0,0
VMTimerEvent,10000000,0,0,10000000,0,0,0,0,0
VMTimerEvent,10000000,0,0,10000000,0,0,0,0,0
VMTimerEvent,10000000,0,0,10000000,0,0,0,0,0
VMTimerEvent,10000000,0,0,10000000,0,0,0,0,0
VMTimerEvent,10000000,0,0,10000000,0,0,0,0,0
VMTimerEvent,10000000,0,0,10000000,0,0,0,0,0
VMTimerEvent,10000000,0,0,10000000,0,0,0,0,0
VMTimerEvent,10000000,0,0,10000000,0,0,0,0,0
VMTimerEvent,10000000,0,0,10000000,0,0,0,0,0
VMTimerEvent,10000000,0,0,10000000,0,0,0,0,0
VMTimerEvent,10000000,0,0,10000000,0,0,0,0,0
VMTimerEvent,10000000,0,0,10000000,0,0,0,0,0
VMTimerEvent,10000000,0,0,10000000,0,0,0,0,0
VMTimerEvent,10000000,2870,3448848,1838056,0,4138,4543406,162682,0
VMTimerEvent,10000000,0,10000000,0,0,0,0,0,0
VMTimerEvent,10000000,1315199,3638441,1253108,2482283,1098799,0,212170,0
VMTimerEvent,10000000,1045222,0,4840566,2777496,1163200,33790,139726,0
VMTimerEvent,10000000,871452,0,4419326,3263043,856228,212808,377143,0
VMTimerEvent,10000000,1227042,0,4286272,3015570,1101728,73752,295636,0
VMTimerEvent,10000000,624662,0,3832414,1984386,775194,192000,2591344,0
VMTimerEvent,10000000,1059216,0,5162298,3005756,743538,3638,25554,0
VMTimerEvent,10000000,854144,0,6006208,2320640,544072,61594,213342,0
VMTimerEvent,10000000,763612,0,5682362,3070420,405506,1998,76102,0
VMTimerEvent,10000000,894869,0,5649362,1652617,951866,86945,764341,0
VMTimerEvent,10000000,1168714,0,5853723,1827519,1070178,25976,53890,0
VMTimerEvent,10000000,1172851,0,3363120,2837566,739881,30875,1855707,0
VMTimerEvent,10000000,1703428,0,5121604,1189871,1707467,75654,201976,0
VMTimerEvent,10000000,2509498,0,3837973,1222205,2384792,840,44692,0
VMTimerEvent,10000000,2148232,0,5262748,199036,2319213,21976,48795,0
VMTimerEvent,10000000,1090973,0,5351502,2183833,1322380,1954,49358,0
VMTimerEvent,10000000,1430627,0,3235677,3982858,1277066,4524,69248,0
VMTimerEvent,10000000,1788258,0,2969273,3663399,1435543,7758,135769,0
VMTimerEvent,10000000,1240192,0,2611303,1403637,2846038,55093,1843737,0
VMTimerEvent,10000000,1174711,0,3929099,3401210,1399026,21716,74238,0
VMTimerEvent,10000000,1494963,0,4644189,2234026,1588937,807,37078,0
VMTimerEvent,10000000,1633154,0,4131765,2861947,1366598,0,6536,0
VMTimerEvent,10000000,1302862,0,5144672,2420789,1053183,6590,71904,0
VMTimerEvent,10000000,856292,0,5402452,2663614,925424,10784,141434,0
VMTimerEvent,10000000,594633,0,4951038,1966676,291285,54084,2142284,0
VMTimerEvent,10000000,0,0,0,0,0,0,10000000,0
VMTimerEvent,10000000,266770,0,1468098,797782,322252,23338,7121760,0
VMTimerEvent,10000000,860084,0,3831252,2278764,1361629,355064,1313207,0
VMTimerEvent,10000000,622022,0,4339517,3206157,526682,90708,1214914,0
VMTimerEvent,10000000,393064,0,1228504,2095277,361264,5822,5916069,0
VMTimerEvent,10000000,0,0,0,0,0,0,10000000,0
VMTimerEvent,10000000,246134,0,826390,938074,101030,20706,7867666,0
VMTimerEvent,10000000,935310,0,3214936,3166788,627624,51576,2003766,0
VMTimerEvent,10000000,1138149,1098103,3406307,2787251,902708,5735,661747,0
VMTimerEvent,10000000,774433,4772723,1199397,2424497,472127,42588,314235,0
VMTimerEvent,10000000,771271,0,6352161,2087177,393071,10832,385488,0
VMTimerEvent,10000000,844238,0,5092569,2790850,894789,187942,189612,0
VMTimerEvent,10000000,2121974,0,2410948,3576408,1332927,236084,321659,0
VMTimerEvent,10000000,887383,0,6055769,1632604,357513,281524,785207,0
VMTimerEvent,10000000,0,0,10000000,0,0,0,0,0
VMTimerEvent,10000000,219427,0,8868193,723254,149796,32010,7320,0
VMTimerEvent,10000000,951281,0,2961791,4425364,346210,157591,1157763,0
VMTimerEvent,10000000,986347,0,3931298,4158714,921971,0,1670,0
VMTimerEvent,10000000,807458,0,5354157,3069273,547300,4864,216948,0
VMTimerEvent,10000000,1581670,0,4185670,3688840,543820,0,0,0
VMTimerEvent,10000000,3038096,0,3420800,3041755,499349,0,0,0
VMTimerEvent,10000000,4447181,0,4006482,929963,616374,0,0,0
VMTimerEvent,10000000,1284198,0,4907396,2809510,711200,12858,274838,0
VMTimerEvent,10000000,2387142,0,4112212,2630209,847614,1004,21819,0
VMTimerEvent,10000000,1099651,0,4890136,2692658,730887,23114,563554,0
VMTimerEvent,10000000,1223670,0,4874982,3044354,490718,22018,344258,0
VMTimerEvent,10000000,796672,0,5774264,1952356,345310,2288,1129110,0
VMTimerEvent,10000000,1146576,0,4527314,3067791,330715,9394,918210,0
VMTimerEvent,10000000,1128588,0,2847559,2844606,415937,41026,2722284,0
VMTimerEvent,10000000,933948,0,4361726,3315720,493300,45322,849984,0
VMTimerEvent,10000000,1262552,0,1843910,5929356,388134,32194,543854,0
VMTimerEvent,10000000,2055535,0,819014,3769105,690604,57155,2608587,0
VMTimerEvent,10000000,1506735,0,5584151,874191,318862,6559,1709502,0
VMTimerEvent,10000000,0,0,10000000,0,0,0,0,0
VMTimerEvent,10000000,1386919,0,5021609,1414040,698949,170383,1308100,0
VMTimerEvent,10000000,2539576,0,2928088,1594024,1116462,212189,1609661,0
VMTimerEvent,10000000,3414307,0,1419071,453494,1901473,123574,2688081,0
VMTimerEvent,10000000,2638423,0,4575122,1025075,1235210,37644,488526,0
VMTimerEvent,10000000,1519300,0,2032721,3006407,605586,208223,2627763,0
VMTimerEvent,10000000,838761,0,4842430,988027,365230,113025,2852527,0
VMTimerEvent,10000000,831347,0,5278929,332476,611661,179128,2766459,0
VMTimerEvent,10000000,1293676,0,5330431,774293,750736,136491,1714373,0
VMTimerEvent,10000000,1554614,0,1668757,824578,674930,143202,5133919,0
VMTimerEvent,10000000,1565594,0,347646,647981,1029408,409437,5999934,0
VMTimerEvent,10000000,1947751,0,1100275,639418,1105098,525897,4681561,0
VMTimerEvent,10000000,2634512,0,3347157,175460,1351293,820988,1670590,0
VMTimerEvent,10000000,1487994,0,4930369,1569304,590257,166845,1255231,0
VMTimerEvent,10000000,2011141,0,5062803,2301337,614570,3775,6374,0
VMTimerEvent,10000000,1226684,0,6981664,768337,1002752,4477,16086,0
VMTimerEvent,10000000,994729,0,3870092,4855741,279438,0,0,0
VMTimerEvent,10000000,1451469,0,3550378,4373389,331187,82910,210667,0
VMTimerEvent,10000000,543952,2172202,6548440,496050,143164,626,95566,0
VMTimerEvent,10000000,335562,7501985,819934,607983,126688,0,607848,0
VMTimerEvent,10000000,3684020,0,4338560,1107081,734686,36977,98676,0
VMTimerEvent,10000000,3668706,0,4616838,1159558,529894,5842,19162,0
VMTimerEvent,10000000,3635137,0,5608526,135811,601620,4270,14636,0
VMTimerEvent,10000000,2091364,0,7492925,84151,325862,3080,2618,0
VMTimerEvent,10000000,5296488,0,3164556,563644,732926,59494,182892,0
VMTimerEvent,10000000,751196,0,7168543,1636043,444218,0,0,0
VMTimerEvent,10000000,1698379,0,4353429,2351967,841881,90260,664084,0
VMTimerEvent,10000000,4093910,0,3451568,265323,2189199,0,0,0
VMTimerEvent,10000000,2749490,0,3260662,2691742,1287458,10648,0,0
VMTimerEvent,10000000,1819738,0,4710096,3004260,465906,0,0,0
VMTimerEvent,10000000,2589740,0,3159206,3868650,382404,0,0,0
VMTimerEvent,10000000,2235640,0,6220572,1163608,380180,0,0,0
VMTimerEvent,10000000,874246,0,2032884,1164560,276612,4028,5647670,0
VMTimerEvent,10000000,209120,0,0,7928,56996,0,9725956,0
VMTimerEvent,10000000,213686,0,962130,47982,84796,0,8691406,0
VMTimerEvent,10000000,1230902,0,2783266,1206046,227024,14708,4538054,0
VMTimerEvent,10000000,197575,0,6198577,500902,57171,14907,3030868,0
VMTimerEvent,10000000,1205444,0,2139642,2873324,370372,18498,3392720,0
VMTimerEvent,10000000,1165413,0,492330,1232512,527219,17032,6565494,0
VMTimerEvent,10000000,1377125,0,2064657,57224,779840,29898,5691256,0
VMTimerEvent,10000000,1338284,0,0,33459,602394,30640,7995223,0
VMTimerEvent,10000000,1593856,0,0,20370,635984,29626,7720164,0
VMTimerEvent,10000000,917934,0,4057567,27908,406606,17760,4572225,0
VMTimerEvent,10000000,0,0,10000000,0,0,0,0,0
VMTimerEvent,10000000,0,0,10000000,0,0,0,0,0
VMTimerEvent,10000000,1585838,0,2395171,61990,1131702,43456,4781843,0
VMTimerEvent,10000000,1841870,0,0,20864,1106858,36612,6993796,0
VMTimerEvent,10000000,1563810,0,0,13586,1200390,22366,7199848,0
VMTimerEvent,10000000,1619078,0,816118,46022,1676170,21484,5821128,0
VMTimerEvent,10000000,1754765,0,0,18996,1181638,15700,7028901,0
VMTimerEvent,10000000,1711437,0,0,17198,1596214,26522,6648629,0
VMTimerEvent,10000000,1476332,0,0,15088,1483322,19462,7005796,0
VMTimerEvent,10000000,1963976,0,0,22626,1317916,27878,6667604,0
VMTimerEvent,10000000,1197740,0,2799663,15170,1032310,20388,4934729,0
VMTimerEvent,10000000,454940,0,8201965,6168,172428,5580,1158919,0
VMTimerEvent,10000000,1814058,0,589586,23434,1639392,21082,5912448,0
VMTimerEvent,10000000,2112090,0,0,76411,1123851,19582,6668066,0
VMTimerEvent,10000000,1502180,0,754278,1838683,619470,46221,5239168,0
VMTimerEvent,10000000,71712,0,9724732,152933,49543,1080,0,0
VMTimerEvent,10000000,0,0,10000000,0,0,0,0,0
VMTimerEvent,10000000,0,0,10000000,0,0,0,0,0
VMTimerEvent,10000000,0,0,10000000,0,0,0,0,0
VMTimerEvent,10000000,201713,0,6904588,639448,2247997,6254,0,0
VMTimerEvent,10000000,1259744,0,3482275,4280575,977406,0,0,0
VMTimerEvent,10000000,1631856,0,3652991,3212720,1403446,62402,36585,0
VMTimerEvent,10000000,1501765,0,2438399,4741924,842622,193921,281369,0
VMTimerEvent,10000000,1688351,0,1923357,3958592,1111527,85841,1232332,0
VMTimerEvent,10000000,5670655,0,1667365,1402604,947833,76136,235407,0
VMTimerEvent,10000000,10000000,0,0,0,0,0,0,0
VMTimerEvent,10000000,10000000,0,0,0,0,0,0,0
VMTimerEvent,10000000,9967678,0,0,12612,19710,0,0,0
VMTimerEvent,10000000,2327117,0,1553710,3616503,1907630,177545,417495,0
VMTimerEvent,10000000,1479923,0,957730,389965,526185,2715,6643482,0
VMTimerEvent,10000000,1169143,0,1918642,2033370,803880,5635,4069330,0
VMTimerEvent,10000000,1682862,0,3190369,2393224,608615,92790,2032140,0
VMTimerEvent,10000000,3216502,0,1246537,1743666,2536255,481775,775265,0
VMTimerEvent,10000000,5169700,0,925525,1336810,1975830,218555,373580,0
VMTimerEvent,10000000,1888471,0,1553950,310360,1362731,2420,4882068,0
VMTimerEvent,10000000,1614267,0,2108140,1988624,525016,72812,3691141,0
VMTimerEvent,10000000,2386533,0,3502306,1908785,1602570,141023,458783,0
VMTimerEvent,10000000,1307935,0,4534977,80382,749304,0,3327402,0
VMTimerEvent,10000000,1397474,0,0,38170,204742,0,8359614,0
VMTimerEvent,10000000,2163526,0,701951,2570415,1634554,12031,2917523,0
VMTimerEvent,10000000,1908491,0,3768544,2876263,1211008,143976,91718,0
VMTimerEvent,10000000,2271563,0,1233358,358901,710437,57435,5368306,0
VMTimerEvent,10000000,1368625,0,3137195,1329647,2504057,3832,1656644,0
VMTimerEvent,10000000,1892956,0,4271569,834117,2859420,56232,85706,0
VMTimerEvent,10000000,927580,0,4584987,2498618,1836640,68831,83344,0
VMTimerEvent,10000000,1864489,0,4050509,1989255,1636690,144709,314348,0
VMTimerEvent,10000000,2267629,0,1949838,29291,709012,4430,5039800,0
VMTimerEvent,10000000,1939070,0,2826229,1756741,1346889,132791,1998280,0
VMTimerEvent,10000000,1849614,0,3302197,123766,701986,3342,4019095,0
VMTimerEvent,10000000,1127970,0,890702,14952,170350,0,7796026,0
VMTimerEvent,10000000,1620469,0,5242861,31265,685214,182965,2237226,0
VMTimerEvent,10000000,7299975,0,0,474623,1431287,238730,555385,0
VMTimerEvent,10000000,2683955,0,4300745,395022,863130,10215,1746933,0
VMTimerEvent,10000000,1530822,0,1821733,241606,874652,95150,5436037,0
VMTimerEvent,10000000,3123153,0,1157666,429210,2585819,94600,2609552,0
VMTimerEvent,10000000,1725481,0,0,24700,183838,0,8065981,0
VMTimerEvent,10000000,1918073,0,868970,2570026,1696542,155132,2791257,0
VMTimerEvent,10000000,4282460,0,1381359,738770,1343836,122905,2130670,0
VMTimerEvent,10000000,1717185,0,0,22645,227074,0,8033096,0
VMTimerEvent,10000000,2604175,0,3481216,114845,1146990,128690,2524084,0
VMTimerEvent,10000000,1256728,0,7741626,0,788554,15900,197192,0
VMTimerEvent,10000000,2660,0,9984730,0,12610,0,0,0
VMTimerEvent,10000000,1503540,0,1452116,48240,238788,57053,6700263,0
VMTimerEvent,10000000,62675,8808740,657872,0,327069,31514,112130,0
VMTimerEvent,10000000,2427185,2740085,1768965,431300,1978865,95465,558135,0
VMTimerEvent,10000000,4076623,0,582849,236690,953991,2972,4146875,0
VMTimerEvent,10000000,881623,0,5005955,1686684,2344544,6924,74270,0
VMTimerEvent,10000000,1655328,0,2079706,3502735,383065,37084,2342082,0
VMTimerEvent,10000000,1551440,0,3451708,3562959,969192,36640,428061,0
VMTimerEvent,10000000,2740356,0,1691239,3528125,1526640,46191,467449,0
VMTimerEvent,10000000,863518,0,2584908,2075409,385979,131734,3958452,0
VMTimerEvent,10000000,0,0,0,0,0,1480,9998520,0
VMTimerEvent,10000000,0,0,0,0,0,0,10000000,0
VMTimerEvent,10000000,0,0,0,0,0,0,10000000,0
VMTimerEvent,10000000,0,0,0,0,0,0,10000000,0
VMTimerEvent,10000000,0,0,0,0,0,0,10000000,0
VMTimerEvent,10000000,0,0,0,0,0,0,10000000,0
VMTimerEvent,10000000,0,0,0,0,0,0,10000000,0
VMTimerEvent,10000000,0,0,0,0,0,0,10000000,0
VMTimerEvent,10000000,0,0,0,0,0,0,10000000,0
VMTimerEvent,10000000,0,0,0,0,0,0,10000000,0
VMTimerEvent,10000000,0,0,0,0,0,0,10000000,0
VMTimerEvent,10000000,1930695,0,169604,1292262,1951487,343992,4311960,0
VMTimerEvent,10000000,7174413,0,0,389864,1779402,150540,505781,0
VMTimerEvent,10000000,3574864,0,670838,699270,437675,55417,4561936,0
VMTimerEvent,10000000,3497974,0,1567891,1226606,2898092,270204,539233,0
VMTimerEvent,10000000,4227672,0,0,47158,963850,10981,4750339,0
VMTimerEvent,10000000,7485852,0,0,107428,1166975,61422,1178323,0
VMTimerEvent,10000000,1604428,0,0,0,170550,0,8225022,0
VMTimerEvent,10000000,2083802,0,1944948,1632715,1207076,297539,2833920,0
VMTimerEvent,10000000,4094950,0,4404630,781946,286741,237451,194282,0
VMTimerEvent,10000000,869065,0,5392716,1136208,326692,3076,2272243,0
VMTimerEvent,10000000,870473,0,6492560,1799098,837869,0,0,0
VMTimerEvent,10000000,1433861,0,3583046,2806932,2176161,0,0,0
VMTimerEvent,10000000,2893814,0,374009,2179451,2151793,142904,2258029,0
VMTimerEvent,10000000,1481332,0,3203024,660871,704352,588582,3361839,0
VMTimerEvent,10000000,1777497,0,2458281,2340851,1393617,94811,1934943,0
VMTimerEvent,10000000,3869375,0,0,1395265,1994175,1244031,1497154,0
VMTimerEvent,10000000,3075564,0,2893535,2443241,1050135,44260,493265,0
VMTimerEvent,10000000,2123883,0,6949103,69389,775461,17716,64448,0
VMTimerEvent,10000000,4898695,0,325517,1868092,994252,76662,1836782,0
VMTimerEvent,10000000,10000000,0,0,0,0,0,0,0
VMTimerEvent,10000000,6839295,0,1836396,585186,535763,79460,123900,0
VMTimerEvent,10000000,2741189,0,2058172,2649978,1686969,207513,656179,0
VMTimerEvent,10000000,4310957,0,1639348,1333600,2105255,34636,576204,0
VMTimerEvent,10000000,2272390,0,636633,565754,1583904,432158,4509161,0
VMTimerEvent,10000000,2398136,0,477240,2023570,1742882,420752,2937420,0
VMTimerEvent,10000000,1972735,0,6528155,292011,844908,362191,0,0
VMTimerEvent,10000000,1913076,0,6312714,100876,1590370,23925,59039,0
VMTimerEvent,10000000,2525396,0,2062833,414539,1329091,304946,3363195,0
VMTimerEvent,10000000,3975754,0,2545553,408243,1849528,370289,850633,0
VMTimerEvent,10000000,2677308,0,3749063,910024,1177707,296969,1188929,0
VMTimerEvent,10000000,1583154,0,1808433,414123,1701624,277863,4214803,0
VMTimerEvent,10000000,2995879,0,3853087,224562,2349500,80881,496091,0
VMTimerEvent,10000000,2615765,0,3612480,288432,1681114,375911,1426298,0
VMTimerEvent,10000000,2076995,0,2764351,1005941,1521473,449547,2181693,0
VMTimerEvent,10000000,2409215,0,459292,1179711,2062557,306695,3582530,0
VMTimerEvent,10000000,3032717,0,1260182,552259,2071629,585290,2497923,0
VMTimerEvent,10000000,1658009,0,4457792,580124,1852546,406013,1045516,0
VMTimerEvent,10000000,3735104,0,4226339,286927,1191699,267656,292275,0
VMTimerEvent,10000000,3817938,0,2949569,821529,1699761,351452,359751,0
VMTimerEvent,10000000,1453973,0,1040186,786812,1157964,339128,5221937,0
VMTimerEvent,10000000,5255292,0,200330,1531228,2160791,307327,545032,0
VMTimerEvent,10000000,3351011,0,3332889,576104,1701759,249573,788664,0
VMTimerEvent,10000000,4116949,0,5129353,155255,456434,1539,140470,0
VMTimerEvent,10000000,3557563,0,3419679,242565,2291440,170761,317992,0
VMTimerEvent,10000000,3947161,0,476644,1201160,3349832,396693,628510,0
VMTimerEvent,10000000,4723948,0,0,1643464,2957496,56046,619046,0
VMTimerEvent,10000000,6703096,0,1052834,474800,1381671,29104,358495,0
VMTimerEvent,10000000,7585212,0,0,6376,224428,89982,2094002,0
VMTimerEvent,10000000,6085074,0,0,2687934,1059648,90124,77220,0
VMTimerEvent,10000000,5368860,0,0,1620670,1121170,368450,1520850,0
VMTimerEvent,10000000,3786226,0,689560,932380,3433494,409430,748910,0
VMTimerEvent,10000000,495074,0,1861660,874860,240580,51710,6476116,0
VMTimerEvent,10000000,5435588,0,577794,488818,162120,4350,3331330,0
VMTimerEvent,10000000,1575194,0,4217352,2917388,1179512,12488,98066,0
VMTimerEvent,10000000,4776327,0,1880756,2424958,635514,47777,234668,0
VMTimerEvent,10000000,2290843,0,2251886,3456453,1127532,151870,721416,0
VMTimerEvent,10000000,1327270,0,4484499,1582790,1646141,378800,580500,0
VMTimerEvent,10000000,3415941,0,3903562,1527537,660936,30836,461188,0
VMTimerEvent,10000000,1710772,0,2343206,1612348,1203693,353762,2776219,0
VMTimerEvent,10000000,2459173,0,660933,1129870,4535510,317404,897110,0
VMTimerEvent,10000000,1028940,0,5410628,643387,2917045,0,0,0
VMTimerEvent,10000000,2254195,0,3743047,2576108,1426650,0,0,0
VMTimerEvent,10000000,2069057,0,2563825,3285121,830710,267105,984182,0
VMTimerEvent,10000000,2321475,0,1679369,4443469,1145701,41601,368385,0
VMTimerEvent,10000000,1762360,0,4021355,3289775,926510,0,0,0
VMTimerEvent,10000000,2033966,0,5387271,1412601,1075192,1860,89110,0
VMTimerEvent,10000000,2201896,0,4399501,2053279,1257568,1428,86328,0
VMTimerEvent,10000000,2282423,0,4106976,1369509,2241092,0,0,0
VMTimerEvent,10000000,1841866,0,3360431,3006164,881467,124994,785078,0
VMTimerEvent,10000000,1281483,5085646,1444750,775855,1232832,0,179434,0
VMTimerEvent,10000000,876954,6097998,158916,1183982,376480,17384,1288286,0
VMTimerEvent,10000000,2349221,0,1893460,417070,824416,0,4515833,0
VMTimerEvent,10000000,719637,0,7066338,43980,190218,0,1979827,0
VMTimerEvent,10000000,744283,0,7670427,0,91093,0,1494197,0
VMTimerEvent,10000000,2975622,0,982092,561743,1333488,250897,3896158,0
VMTimerEvent,10000000,2973450,0,2197904,2368089,2116277,74531,269749,0
VMTimerEvent,10000000,2657985,0,0,603006,1346837,2222,5389950,0
VMTimerEvent,10000000,2223945,0,276868,178905,1189478,13750,6117054,0
VMTimerEvent,10000000,1473930,0,4694444,186959,489987,187880,2966800,0
VMTimerEvent,10000000,0,0,10000000,0,0,0,0,0
VMTimerEvent,10000000,0,0,10000000,0,0,0,0,0
VMTimerEvent,10000000,0,0,10000000,0,0,0,0,0
VMTimerEvent,10000000,0,0,10000000,0,0,0,0,0
VMTimerEvent,10000000,2220,0,9954840,0,6992,27452,8496,0
VMTimerEvent,10000000,0,0,10000000,0,0,0,0,0
VMTimerEvent,10000000,0,0,8195298,0,1804702,0,0,0
VMTimerEvent,10000000,2281260,0,1479870,2868036,3370834,0,0,0
VMTimerEvent,10000000,2051082,0,3571378,591020,3786520,0,0,0
VMTimerEvent,10000000,1996571,0,2650107,2039940,3313382,0,0,0
VMTimerEvent,10000000,1064102,0,4595968,3019790,1227184,4390,88566,0
VMTimerEvent,10000000,1897884,0,3057547,3373735,1248285,29223,393326,0
VMTimerEvent,10000000,4023466,0,1563790,501235,1739579,11935,2159995,0
VMTimerEvent,10000000,3786847,0,309670,428476,921919,12914,4540174,0
VMTimerEvent,10000000,8204105,0,0,14830,1053953,33157,693955,0
VMTimerEvent,10000000,7252345,0,1137677,510379,794824,12702,292073,0
VMTimerEvent,10000000,631318,0,5620912,3345503,139720,6148,256399,0
VMTimerEvent,10000000,612651,0,6770748,804978,1811623,0,0,0
VMTimerEvent,10000000,3255641,0,303683,2897373,614002,77625,2851676,0
VMTimerEvent,10000000,2323768,0,4149157,128056,2062787,2561,1333671,0
VMTimerEvent,10000000,5627424,0,382556,71395,995775,18096,2904754,0
VMTimerEvent,10000000,7933504,0,527397,12090,1047091,26260,453658,0
VMTimerEvent,10000000,5419586,0,3131616,549189,666466,7128,226015,0
VMTimerEvent,10000000,505880,0,7695880,1124506,622892,2794,48048,0
VMTimerEvent,10000000,2518736,0,1722136,3424982,1583550,8060,742536,0
VMTimerEvent,10000000,2527887,0,2426642,636280,1945022,324012,2140157,0
VMTimerEvent,10000000,2996880,0,1723221,268748,1333581,8955,3668615,0
VMTimerEvent,10000000,8833250,0,0,12080,673035,28445,453190,0
VMTimerEvent,10000000,8662100,0,0,8535,871005,26030,432330,0
VMTimerEvent,10000000,8179968,0,771551,26185,705778,16644,299874,0
VMTimerEvent,10000000,4519703,0,3875977,532948,792972,11524,266876,0
VMTimerEvent,10000000,3019106,0,715870,2074041,1664512,544457,1982014,0
VMTimerEvent,10000000,2849718,0,5544490,197176,1334573,7188,66855,0
VMTimerEvent,10000000,4105922,0,854102,215727,643223,4583,4176443,0
VMTimerEvent,10000000,8314062,0,0,17178,992150,34772,641838,0
VMTimerEvent,10000000,5823505,0,0,800408,1726788,127995,1521304,0
VMTimerEvent,10000000,2289051,0,4362068,401874,1500565,93330,1353112,0
VMTimerEvent,10000000,1246622,0,1688434,591381,1463405,411851,4598307,0
VMTimerEvent,10000000,3022555,0,3079506,412242,1594518,819966,1071213,0
VMTimerEvent,10000000,2865084,0,1163284,1443332,1500501,3576,3024223,0
VMTimerEvent,10000000,3727571,0,1247184,703191,581990,16246,3723818,0
VMTimerEvent,10000000,7733066,0,313797,25815,1129899,43869,753554,0
VMTimerEvent,10000000,4881550,0,1343102,289473,781037,218416,2486422,0
VMTimerEvent,10000000,2432395,0,3682597,1217607,1815406,86060,765935,0
VMTimerEvent,10000000,1853249,0,7301884,180763,659448,4656,0,0
VMTimerEvent,10000000,0,0,10000000,0,0,0,0,0
VMTimerEvent,10000000,3978402,0,1909683,445229,2249517,829342,587827,0
VMTimerEvent,10000000,4087241,0,1465633,19270,670187,16424,3741245,0
VMTimerEvent,10000000,8230107,0,399627,15817,700006,38216,616227,0
VMTimerEvent,10000000,7132158,0,705870,529465,1294270,19434,318803,0
VMTimerEvent,10000000,1446958,0,4826208,2947280,687326,16706,75522,0
VMTimerEvent,10000000,0,0,10000000,0,0,0,0,0
VMTimerEvent,10000000,0,0,10000000,0,0,0,0,0
VMTimerEvent,10000000,569260,0,6079005,356892,1801255,70918,1122670,0
VMTimerEvent,10000000,4694501,0,0,380348,874491,315060,3735600,0
VMTimerEvent,10000000,8690187,0,0,16576,659451,32779,601007,0
VMTimerEvent,10000000,7710665,0,591044,56548,1075323,14048,552372,0
VMTimerEvent,10000000,3158016,0,1961360,532848,1085133,320504,2942139,0
VMTimerEvent,10000000,8051291,0,0,16888,880412,33496,1017913,0
VMTimerEvent,10000000,7338269,0,1816899,40564,367785,14282,422201,0
VMTimerEvent,10000000,1506121,0,7341695,843543,271562,37079,0,0
VMTimerEvent,10000000,2996260,0,1311539,3695518,1442027,189116,365540,0
VMTimerEvent,10000000,4897498,0,0,408457,1535827,21497,3136721,0
VMTimerEvent,10000000,6511421,0,0,534045,1646177,69454,1238903,0
VMTimerEvent,10000000,1734902,0,5327057,723091,2054079,42092,118779,0
VMTimerEvent,10000000,3676979,0,0,1082492,1958869,76386,3205274,0
VMTimerEvent,10000000,8045770,0,0,11478,1346546,31107,565099,0
VMTimerEvent,10000000,5622588,2166177,0,484385,1268070,9835,448945,0
VMTimerEvent,10000000,0,10000000,0,0,0,0,0,0
VMTimerEvent,10000000,1404935,2955464,2319179,1635106,760536,32245,892535,0
VMTimerEvent,10000000,4307890,0,0,2044845,3343793,89416,214056,0
VMTimerEvent,10000000,1794484,0,5754641,1344859,842296,118972,144748,0
VMTimerEvent,10000000,2362605,0,4430862,66927,868598,9706,2261302,0
VMTimerEvent,10000000,5716860,0,1967100,503340,746822,112217,953661,0
VMTimerEvent,10000000,2964216,0,2886092,226420,1480311,83000,2359961,0
VMTimerEvent,10000000,6532469,0,0,16160,970728,21480,2459163,0
VMTimerEvent,10000000,3946383,0,3022369,546276,1751072,38980,694920,0
VMTimerEvent,10000000,3787924,0,2821623,987476,1644132,426072,332773,0
VMTimerEvent,10000000,5346421,0,437800,17924,795720,18132,3384003,0
VMTimerEvent,10000000,4524691,0,263220,804512,1349876,215576,2842125,0
VMTimerEvent,10000000,1413524,0,0,1024373,1132288,538664,5891151,0
VMTimerEvent,10000000,1251465,0,504535,679609,1251317,515224,5797850,0
VMTimerEvent,10000000,1316249,0,230453,881547,1439202,547664,5584885,0
VMTimerEvent,10000000,3572422,0,291747,642134,2107628,524648,2861421,0
VMTimerEvent,10000000,5419735,0,75597,23628,956284,30608,3494148,0
VMTimerEvent,10000000,4245064,0,302529,407585,1479998,357171,3207653,0
VMTimerEvent,10000000,1444538,0,94526,786202,1155721,712789,5806224,0
VMTimerEvent,10000000,2895549,0,2163308,895519,2091114,384037,1570473,0
VMTimerEvent,10000000,2590415,0,4597737,162422,2647964,1462,0,0
VMTimerEvent,10000000,1961492,0,4240995,572931,2381883,344701,497998,0
VMTimerEvent,10000000,2494668,0,3211795,173344,1345620,913004,1861569,0
VMTimerEvent,10000000,3053838,0,1729825,1171867,2097191,360748,1586531,0
VMTimerEvent,10000000,4114874,0,1160297,1723574,1877076,17058,1107121,0
VMTimerEvent,10000000,1337671,0,2918803,1477334,1212281,45490,3008421,0
VMTimerEvent,10000000,3263916,0,760332,260674,2249077,1038349,2427652,0
VMTimerEvent,10000000,2859173,0,4169610,779930,985850,50490,1154947,0
VMTimerEvent,10000000,728333,0,482239,2430,677881,0,8109117,0
VMTimerEvent,10000000,3397153,0,1527782,881377,1127776,35883,3030029,0
VMTimerEvent,10000000,1854342,0,2098994,135924,972524,62834,4875382,0
VMTimerEvent,10000000,1544403,0,2209743,108166,812739,27754,5297195,0
VMTimerEvent,10000000,2180987,0,2017674,133442,1591228,25874,4050795,0
VMTimerEvent,10000000,2758946,0,420121,2935325,2196561,117090,1571957,0
VMTimerEvent,10000000,1752370,0,0,1142664,435439,3126,6666401,0
VMTimerEvent,10000000,3564715,0,444448,153064,749644,20212,5067917,0
VMTimerEvent,10000000,2437599,0,582603,69574,704678,131332,6074214,0
VMTimerEvent,10000000,2506165,0,1445061,116142,493055,62280,5377297,0
VMTimerEvent,10000000,2872008,0,260840,3634,1703010,115295,5045213,0
VMTimerEvent,10000000,2274619,0,251900,2085097,1659961,115983,3612440,0
VMTimerEvent,10000000,2229495,0,0,1725150,1103575,5655,4936125,0
VMTimerEvent,10000000,755015,0,0,115585,626375,0,8503025,0
VMTimerEvent,10000000,5094714,0,0,1196386,1113100,22064,2573736,0
VMTimerEvent,10000000,1586385,0,3922600,251050,869850,46528,3323587,0
VMTimerEvent,10000000,1830403,1647405,805979,507324,1002180,42923,4163786,0
VMTimerEvent,10000000,0,10000000,0,0,0,0,0,0
VMTimerEvent,10000000,0,10000000,0,0,0,0,0,0
VMTimerEvent,10000000,951897,5472502,0,1491040,313264,111956,1659341,0
VMTimerEvent,10000000,2428015,0,1869436,2139344,664684,6916,2891605,0
VMTimerEvent,10000000,1391777,0,0,92844,222580,7636,8285163,0
VMTimerEvent,10000000,4739872,0,0,231356,446508,135152,4447112,0
VMTimerEvent,10000000,2532044,0,297322,548446,316205,71528,6234455,0
VMTimerEvent,10000000,2494442,0,780904,107614,336555,80971,6199514,0
VMTimerEvent,10000000,2282312,0,2312610,1219348,623445,62150,3500135,0
VMTimerEvent,10000000,3773540,0,1441352,2116167,2459348,66170,143423,0
VMTimerEvent,10000000,2503858,0,2570972,3645615,1057325,10275,211955,0
VMTimerEvent,10000000,3751292,0,505520,4386050,1121235,3155,232748,0
VMTimerEvent,10000000,1414860,0,473906,606582,263456,2286,7238910,0
VMTimerEvent,10000000,400944,0,7102782,945806,156718,268008,1125742,0
VMTimerEvent,10000000,0,0,10000000,0,0,0,0,0
VMTimerEvent,10000000,0,0,10000000,0,0,0,0,0
VMTimerEvent,10000000,0,0,10000000,0,0,0,0,0
VMTimerEvent,10000000,0,0,10000000,0,0,0,0,0
VMTimerEvent,10000000,0,0,10000000,0,0,0,0,0
VMTimerEvent,10000000,1718057,0,3433071,1514379,1628133,1516406,189954,0
VMTimerEvent,10000000,817489,0,1656246,986621,791412,0,5748232,0
VMTimerEvent,10000000,1484022,0,4330673,2648634,1320247,48762,167662,0
VMTimerEvent,10000000,1258431,0,3851400,3665570,1161256,4430,58913,0
VMTimerEvent,10000000,1518071,0,5018573,2696904,756772,0,9680,0
VMTimerEvent,10000000,3026039,0,2595401,910849,3286964,37253,143494,0
VMTimerEvent,10000000,2253516,0,3595363,1783125,2166566,31744,169686,0
VMTimerEvent,10000000,2224394,0,2965930,2395460,2397058,714,16444,0
VMTimerEvent,10000000,1631421,0,4064170,2783986,1343959,33402,143062,0
VMTimerEvent,10000000,2148348,0,3561176,2070055,2057343,29092,133986,0
VMTimerEvent,10000000,1282187,0,4100053,1668334,1310406,35024,1603996,0
VMTimerEvent,10000000,2486152,0,2670349,2443879,2231712,29270,138638,0
VMTimerEvent,10000000,1075099,0,5060925,1829720,1978504,2292,53460,0
VMTimerEvent,10000000,3115256,0,1504310,2986392,2128401,98963,166678,0
VMTimerEvent,10000000,2615351,0,2903018,3071850,1180091,6637,223053,0
VMTimerEvent,10000000,2093528,0,3127168,1328080,955584,2300,2493340,0
VMTimerEvent,10000000,399344,0,900965,168868,273940,0,8256883,0
VMTimerEvent,10000000,578266,0,0,90590,163922,0,9167222,0
VMTimerEvent,10000000,2731796,0,1749234,3063537,805222,56056,1594155,0
VMTimerEvent,10000000,1360154,0,3441900,2267426,775798,51356,2103366,0
VMTimerEvent,10000000,1932216,0,3261757,3004787,779100,117826,904314,0
VMTimerEvent,10000000,2119853,0,3707602,2465385,896052,65398,745710,0
VMTimerEvent,10000000,973985,0,2109849,1536083,408121,27774,4944188,0
VMTimerEvent,10000000,0,0,0,0,0,0,10000000,0
VMTimerEvent,10000000,0,0,0,0,0,0,10000000,0
VMTimerEvent,10000000,0,0,0,0,0,0,10000000,0
VMTimerEvent,10000000,0,0,0,0,0,0,10000000,0
VMTimerEvent,10000000,0,0,0,0,0,0,10000000,0
VMTimerEvent,10000000,257148,0,506076,612198,66872,2128,8555578,0
VMTimerEvent,10000000,2463945,0,1732588,2603437,1030282,47800,2121948,0
VMTimerEvent,10000000,2401937,0,3417294,1800250,1221019,126668,1032832,0
VMTimerEvent,10000000,1183675,0,4349564,2553719,1077100,27938,808004,0
VMTimerEvent,10000000,809,0,0,57932,0,0,9941259,0
VMTimerEvent,10000000,0,0,0,0,0,0,10000000,0
VMTimerEvent,10000000,0,0,0,0,0,0,10000000,0
VMTimerEvent,10000000,1205048,0,0,1331327,745163,116257,6602205,0
VMTimerEvent,10000000,3903645,0,575770,3026265,2261360,95830,137130,0
VMTimerEvent,10000000,2091378,0,5066850,1800816,751388,42760,246808,0
VMTimerEvent,10000000,1329422,0,1332708,136838,336618,0,6864414,0
VMTimerEvent,10000000,2359569,0,2243165,3863045,957071,18608,558542,0
VMTimerEvent,10000000,1276312,0,6063013,879558,1236082,103231,441804,0
VMTimerEvent,10000000,2415012,0,2198509,2162628,1624772,110468,1488611,0
VMTimerEvent,10000000,3061221,0,4794052,1044413,1099136,1178,0,0
VMTimerEvent,10000000,1983836,0,7544106,305480,166578,0,0,0
VMTimerEvent,10000000,3088794,0,4161671,1187024,1311381,200255,50875,0
VMTimerEvent,10000000,2579060,0,1965182,3465470,1076726,61376,852186,0
VMTimerEvent,10000000,1566965,0,420446,308908,293442,0,7410239,0
VMTimerEvent,10000000,1577245,0,1968466,1525429,431596,21016,4476248,0
VMTimerEvent,10000000,1627122,0,0,176563,491368,32275,7672672,0
VMTimerEvent,10000000,2288815,0,0,53118,488879,44648,7124540,0
VMTimerEvent,10000000,1396488,0,4057599,21908,239640,39328,4245037,0
VMTimerEvent,10000000,0,0,10000000,0,0,0,0,0
VMTimerEvent,10000000,1393110,0,5695343,18080,332591,31997,2528879,0
VMTimerEvent,10000000,1197801,0,0,16480,662196,17488,8106035,0
VMTimerEvent,10000000,1230008,0,0,18227,695516,21071,8035178,0
VMTimerEvent,10000000,2417864,0,0,35232,838846,18978,6689080,0
VMTimerEvent,10000000,1557739,0,0,17195,709307,19443,7696316,0
VMTimerEvent,10000000,906620,0,4225327,14094,418774,14544,4420641,0
VMTimerEvent,10000000,1755725,0,1743575,28976,443984,49140,5978600,0
VMTimerEvent,10000000,2807410,0,1172889,1416412,1258779,211126,3133384,0
VMTimerEvent,10000000,5142416,0,1792317,813233,2122378,68863,60793,0
VMTimerEvent,10000000,1035689,0,8440834,182593,299773,12681,28430,0
VMTimerEvent,10000000,0,0,10000000,0,0,0,0,0
VMTimerEvent,10000000,0,0,8452294,0,1547706,0,0,0
VMTimerEvent,10000000,1421015,0,1030211,182024,962852,2002,6401896,0
VMTimerEvent,10000000,3538699,0,2530833,2057317,1061999,56059,755093,0
VMTimerEvent,10000000,1957824,0,2047501,614518,594817,80394,4704946,0
VMTimerEvent,10000000,2949549,0,0,324045,441870,22910,6261626,0
VMTimerEvent,10000000,2968750,0,4893300,54090,254325,0,1829535,0
VMTimerEvent,10000000,0,0,10000000,0,0,0,0,0
VMTimerEvent,10000000,1264807,0,7985234,21914,83540,0,644505,0
VMTimerEvent,10000000,3963203,0,0,93262,401214,12681,5529640,0
VMTimerEvent,10000000,3499514,0,0,398216,998663,231968,4871639,0
VMTimerEvent,10000000,2228838,0,534345,168524,562911,64494,6440888,0
VMTimerEvent,10000000,1208325,0,649345,27002,218085,0,7897243,0
VMTimerEvent,10000000,2526944,0,1727409,1841633,865600,136310,2902104,0
VMTimerEvent,10000000,860867,0,7026529,12322,189719,5336,1905227,0
VMTimerEvent,10000000,0,0,10000000,0,0,0,0,0
VMTimerEvent,10000000,0,0,10000000,0,0,0,0,0
VMTimerEvent,10000000,0,0,7946037,0,2053963,0,0,0
VMTimerEvent,10000000,2188202,0,880740,660760,608613,104753,5556932,0
VMTimerEvent,10000000,899969,0,3019556,27998,233465,0,5819012,0
VMTimerEvent,10000000,1142192,0,1151920,126506,252548,0,7326834,0
VMTimerEvent,10000000,2403007,0,1398883,581856,755163,86564,4774527,0
VMTimerEvent,10000000,1581838,0,0,11338,268582,0,8138242,0
VMTimerEvent,10000000,3553510,0,0,262742,1390866,45550,4747332,0
VMTimerEvent,10000000,1685600,0,0,55730,222450,0,8036220,0
VMTimerEvent,10000000,2431639,0,0,517436,875447,132404,6043074,0
VMTimerEvent,10000000,2635812,0,258620,721413,874875,111995,5397285,0
VMTimerEvent,10000000,2067338,0,0,584275,628457,161035,6558895,0
VMTimerEvent,10000000,3414862,0,1416914,249692,1921449,389536,2607547,0
VMTimerEvent,10000000,2169085,0,352739,49015,555855,7915,6865391,0
VMTimerEvent,10000000,1500485,0,0,0,221820,0,8277695,0
VMTimerEvent,10000000,3290165,0,3566508,351494,1914206,131196,746431,0
VMTimerEvent,10000000,1351484,0,518128,40132,245931,4388,7839937,0
VMTimerEvent,10000000,3172891,0,556270,740676,1269783,138763,4121617,0
VMTimerEvent,10000000,1516004,0,0,22824,236965,0,8224207,0
VMTimerEvent,10000000,3110503,0,0,49980,1212865,84835,5541817,0
VMTimerEvent,10000000,986112,0,2456321,11715,103255,0,6442597,0
VMTimerEvent,10000000,1153020,0,5767777,5259,513010,56443,2504491,0
VMTimerEvent,10000000,2387801,0,4934314,818312,1244831,172825,441917,0
VMTimerEvent,10000000,1487982,0,772595,39021,162433,0,7537969,0
VMTimerEvent,10000000,3726309,0,2657375,68946,657976,69213,2820181,0
VMTimerEvent,10000000,6764157,0,0,287777,988542,21609,1937915,0
VMTimerEvent,10000000,4772453,0,0,307105,1138904,228761,3552777,0
VMTimerEvent,10000000,8018449,0,109775,583244,780164,138096,370272,0
VMTimerEvent,10000000,2746916,0,2709164,1920715,1253028,97414,1272763,0
VMTimerEvent,10000000,3531919,0,1395993,1872462,1999600,637742,562284,0
VMTimerEvent,10000000,2453376,0,514980,1805229,1369760,240168,3616487,0
VMTimerEvent,10000000,2631064,0,0,1883847,1513243,417630,3554216,0
VMTimerEvent,10000000,4621842,0,514701,769036,1700361,725166,1668894,0
VMTimerEvent,10000000,3902835,0,632718,561038,1414944,695828,2792637,0
VMTimerEvent,10000000,3638334,0,0,407926,1314254,272718,4366768,0
VMTimerEvent,10000000,3961376,0,1745676,1207896,1819328,456586,809138,0
VMTimerEvent,10000000,1633705,0,4680007,267751,816776,161657,2440104,0
VMTimerEvent,10000000,4271702,0,511600,720092,1435353,547902,2513351,0
VMTimerEvent,10000000,3484137,0,517274,460630,1284935,478457,3774567,0
VMTimerEvent,10000000,4372752,0,0,395784,1512565,536910,3181989,0
VMTimerEvent,10000000,3379792,0,362926,485050,1316218,520917,3935097,0
VMTimerEvent,10000000,2949144,0,1275206,365291,1310950,417515,3681894,0
VMTimerEvent,10000000,3288673,0,1810502,591655,1295312,583559,2430299,0
VMTimerEvent,10000000,2504847,0,2933521,332048,1176676,505759,2547149,0
VMTimerEvent,10000000,0,0,10000000,0,0,0,0,0
VMTimerEvent,10000000,2885696,0,2920217,442926,893092,343111,2514958,0
VMTimerEvent,10000000,3917358,0,0,35300,1062997,256859,4727486,0
VMTimerEvent,10000000,3165508,0,1393794,0,356389,160392,4923917,0
VMTimerEvent,10000000,2433194,0,0,348850,813729,287526,6116701,0
VMTimerEvent,10000000,2301834,0,5498424,202955,1330696,406037,260054,0
VMTimerEvent,10000000,0,0,10000000,0,0,0,0,0
VMTimerEvent,10000000,0,0,10000000,0,0,0,0,0
VMTimerEvent,10000000,2030736,0,5441748,122111,1415439,184640,805326,0
VMTimerEvent,10000000,2984002,0,0,531060,1408823,273919,4802196,0
VMTimerEvent,10000000,3119325,0,2957254,195340,674169,383734,2670178,0
VMTimerEvent,10000000,1510175,0,3046141,278005,848011,209874,4107794,0
VMTimerEvent,10000000,3559505,0,1110186,0,441118,124003,4765188,0
VMTimerEvent,10000000,2320381,0,2217473,0,219704,100718,5141724,0
VMTimerEvent,10000000,4108147,0,1248560,442870,1541833,541382,2117208,0
VMTimerEvent,10000000,4337783,0,0,520409,1415355,516295,3210158,0
VMTimerEvent,10000000,3845960,0,0,534058,1864902,577566,3177514,0
VMTimerEvent,10000000,4932010,0,0,294219,595724,183367,3994680,0
VMTimerEvent,10000000,6963151,0,289538,0,401897,165494,2179920,0
VMTimerEvent,10000000,4982202,0,2501557,28341,309439,99217,2079244,0
VMTimerEvent,10000000,4279906,0,1509968,275988,521014,180299,3232825,0
VMTimerEvent,10000000,1609350,0,4645492,2154030,1356459,17842,216827,0
VMTimerEvent,10000000,4790748,0,76278,379096,993103,398088,3362687,0
VMTimerEvent,10000000,4685955,0,449910,2826775,1590550,220790,226020,0
VMTimerEvent,10000000,1808373,0,2280958,3449659,888880,130762,1441368,0
VMTimerEvent,10000000,1551758,0,3734666,4202023,511553,0,0,0
VMTimerEvent,10000000,1684284,0,5478815,2111081,519859,7391,198570,0
VMTimerEvent,10000000,5123866,0,1619836,2132873,887851,30495,205079,0
VMTimerEvent,10000000,480459,8399895,0,709014,128061,1048,281523,0
VMTimerEvent,10000000,648714,4230458,1086696,1520464,431094,397268,1685306,0
VMTimerEvent,10000000,0,0,9186317,0,0,19324,794359,0
VMTimerEvent,10000000,0,0,10000000,0,0,0,0,0
VMTimerEvent,10000000,0,0,10000000,0,0,0,0,0
VMTimerEvent,10000000,0,0,10000000,0,0,0,0,0
VMTimerEvent,10000000,0,0,10000000,0,0,0,0,0
VMTimerEvent,10000000,0,0,10000000,0,0,0,0,0
VMTimerEvent,10000000,0,0,10000000,0,0,0,0,0
VMTimerEvent,10000000,0,0,10000000,0,0,0,0,0
VMTimerEvent,10000000,0,0,10000000,0,0,0,0,0
VMTimerEvent,10000000,1898374,0,1443531,2876992,2426695,1345392,9016,0
VMTimerEvent,10000000,1744807,0,2911620,3119649,2113556,4212,106156,0
VMTimerEvent,10000000,680658,0,4641836,930863,3564795,7904,173944,0
VMTimerEvent,10000000,1420752,0,5591675,2463600,523973,0,0,0
VMTimerEvent,10000000,870124,0,3004299,1615722,411416,54734,4043705,0
VMTimerEvent,10000000,794036,0,777168,615232,498724,163536,7151304,0
VMTimerEvent,10000000,0,0,0,0,0,0,10000000,0
VMTimerEvent,10000000,0,0,0,0,0,0,10000000,0
VMTimerEvent,10000000,0,0,0,0,0,0,10000000,0
VMTimerEvent,10000000,1056761,0,2994492,3087076,601042,27870,2232759,0
VMTimerEvent,10000000,1109133,0,0,6002303,583381,47297,2257886,0
VMTimerEvent,10000000,304716,0,0,1020538,275984,100212,8298550,0
VMTimerEvent,10000000,1470299,0,125308,5556435,856757,43642,1947559,0
VMTimerEvent,10000000,4390152,0,0,2209513,1116992,213391,2069952,0
VMTimerEvent,10000000,10000000,0,0,0,0,0,0,0
VMTimerEvent,10000000,3080563,0,1719544,2263226,2241789,105901,588977,0
VMTimerEvent,10000000,2996837,0,2373532,1327738,3301893,0,0,0
VMTimerEvent,10000000,1176310,0,571588,1775718,333693,10781,6131910,0
VMTimerEvent,10000000,1564231,0,3408875,1509243,675188,10874,2831589,0
VMTimerEvent,10000000,1145675,0,1038644,1743426,605205,91646,5375404,0
VMTimerEvent,10000000,3279290,0,3302144,1598199,1659156,11758,149453,0
VMTimerEvent,10000000,2102260,0,4969235,1408439,1299256,7728,213082,0
VMTimerEvent,10000000,947405,0,2832878,2371461,765846,184751,2897659,0
VMTimerEvent,10000000,1577441,0,3498518,2610833,1268581,87512,957115,0
VMTimerEvent,10000000,3272930,0,1731391,2297392,1446800,95585,1155902,0
VMTimerEvent,10000000,2818204,0,2351945,2351432,1133452,190332,1154635,0
VMTimerEvent,10000000,501804,0,0,264064,434268,210218,8589646,0
VMTimerEvent,10000000,0,0,0,0,0,0,10000000,0
VMTimerEvent,10000000,0,0,0,0,0,0,10000000,0
VMTimerEvent,10000000,0,0,0,0,0,0,10000000,0
VMTimerEvent,10000000,741698,0,456096,995123,473783,2470,7330830,0
VMTimerEvent,10000000,4019555,0,1694685,1120969,705348,8246,2451197,0
VMTimerEvent,10000000,6238343,0,1704979,167223,322189,3392,1563874,0
VMTimerEvent,10000000,6499921,0,233839,457608,764076,25997,2018559,0
VMTimerEvent,10000000,3771112,0,1345706,1300042,2787209,74009,721922,0
VMTimerEvent,10000000,1887255,0,4063080,2317259,1193695,129937,408774,0
VMTimerEvent,10000000,2137976,0,2742284,1940468,1723568,618960,836744,0
VMTimerEvent,10000000,2694221,0,1644172,1819651,1136985,27303,2677668,0
VMTimerEvent,10000000,1029065,0,6339400,10160,402315,0,2219060,0
VMTimerEvent,10000000,4015471,0,263356,1122676,986787,39734,3571976,0
VMTimerEvent,10000000,3578977,0,3243632,918518,1959231,145646,153996,0
VMTimerEvent,10000000,2552379,0,5216918,478960,1349649,97889,304205,0
VMTimerEvent,10000000,802836,0,6017761,2461971,603835,19843,93754,0
VMTimerEvent,10000000,1366620,0,4066924,3539437,984140,3284,39595,0
VMTimerEvent,10000000,2830275,0,715336,1533264,1187179,136815,3597131,0
VMTimerEvent,10000000,2387025,0,865960,1254602,932649,131388,4428376,0
VMTimerEvent,10000000,3068293,0,0,387371,706928,11168,5826240,0
VMTimerEvent,10000000,3545140,0,1973035,138850,1736501,407301,2199173,0
VMTimerEvent,10000000,874697,0,2184322,2136110,380489,6512,4417870,0
VMTimerEvent,10000000,3775995,0,708175,1417468,1511126,213256,2373980,0
VMTimerEvent,10000000,1292580,0,4942190,2525590,1031080,8060,200500,0
VMTimerEvent,10000000,1645160,0,3404540,3919330,1030970,0,0,0
VMTimerEvent,10000000,801838,0,6218078,2429129,550955,0,0,0
VMTimerEvent,10000000,0,0,10000000,0,0,0,0,0
VMTimerEvent,10000000,3247131,0,4252519,1707438,792912,0,0,0
VMTimerEvent,10000000,1845796,0,1587025,1229614,548672,2682,4786211,0
VMTimerEvent,10000000,1087604,0,7670190,20684,140281,11135,1070106,0
VMTimerEvent,10000000,0,0,10000000,0,0,0,0,0
VMTimerEvent,10000000,3188874,0,3840397,54886,226734,0,2689109,0
VMTimerEvent,10000000,2926402,0,2438101,57889,238085,20802,4318721,0
VMTimerEvent,10000000,0,0,10000000,0,0,0,0,0
VMTimerEvent,10000000,581457,0,8218095,8764,764245,0,427439,0
VMTimerEvent,10000000,4371875,0,1086178,802590,636455,23476,3079426,0
VMTimerEvent,10000000,3180948,0,858074,334217,399317,11182,5216262,0
VMTimerEvent,10000000,4215404,0,0,82218,331619,9329,5361430,0
VMTimerEvent,10000000,2040850,0,4366592,132325,297017,45837,3117379,0
VMTimerEvent,10000000,0,0,10000000,0,0,0,0,0
VMTimerEvent,10000000,0,0,10000000,0,0,0,0,0
VMTimerEvent,10000000,0,0,9781244,0,218756,0,0,0
VMTimerEvent,10000000,3937996,0,1189870,1704932,1423786,7450,1735966,0
VMTimerEvent,10000000,6716372,0,507222,600546,432514,10030,1733316,0
VMTimerEvent,10000000,6820940,0,266005,560193,738147,58351,1556364,0
VMTimerEvent,10000000,2156747,0,2734228,2748708,1592981,384009,383327,0
VMTimerEvent,10000000,902606,0,6684144,1886990,526260,0,0,0
VMTimerEvent,10000000,1642868,0,5686806,1906708,585990,27063,150565,0
VMTimerEvent,10000000,5240930,0,2074250,1264850,963308,55774,400888,0
VMTimerEvent,10000000,3983184,0,1968973,1715285,1434377,175196,722985,0
VMTimerEvent,10000000,5412985,0,818989,709745,1334741,374667,1348873,0
VMTimerEvent,10000000,2730008,0,464700,4374155,1863000,102028,466109,0
VMTimerEvent,10000000,2453446,0,2142580,2951626,791663,83530,1577155,0
VMTimerEvent,10000000,3170432,0,2269113,2530836,1199940,61272,768407,0
VMTimerEvent,10000000,1457277,0,3595054,1367012,485455,119059,2976143,0
VMTimerEvent,10000000,5902,0,1111038,64660,6880,0,8811520,0
VMTimerEvent,10000000,3819036,0,626510,1990167,2461700,360846,741741,0
VMTimerEvent,10000000,1844440,0,4690698,1446627,1435968,157431,424836,0
VMTimerEvent,10000000,3473380,0,1559500,3186300,1082700,76460,621660,0
VMTimerEvent,10000000,3821379,0,1870472,2130181,1479526,68624,629818,0
VMTimerEvent,10000000,5717899,0,968856,255145,1566347,428697,1063056,0
VMTimerEvent,10000000,5636446,0,1771113,936739,1513225,21317,121160,0
VMTimerEvent,10000000,3490207,0,3772663,468880,2053672,5560,209018,0
VMTimerEvent,10000000,5622614,0,0,561048,3176828,241595,397915,0
VMTimerEvent,10000000,5135588,0,2685150,79310,1874968,39352,185632,0
VMTimerEvent,10000000,5774175,0,2910811,411792,711564,27662,163996,0
VMTimerEvent,10000000,893240,0,482199,676964,359040,89216,7499341,0
VMTimerEvent,10000000,1383197,0,0,365943,727262,125566,7398032,0
VMTimerEvent,10000000,3267079,0,3332725,458859,2084508,339365,517464,0
VMTimerEvent,10000000,3151872,0,1695196,1127940,1866496,200592,1957904,0
VMTimerEvent,10000000,5963421,0,0,169990,3476565,35728,354296,0
VMTimerEvent,10000000,5515171,0,366489,319102,3188214,163957,447067,0
VMTimerEvent,10000000,6362936,0,1565706,96240,1352150,39775,583193,0
VMTimerEvent,10000000,7023620,0,0,7144,369676,96534,2503026,0
VMTimerEvent,10000000,9433522,0,0,119511,257645,44276,145046,0
VMTimerEvent,10000000,3766740,0,2017932,520644,2503704,439660,751320,0
VMTimerEvent,10000000,3278568,0,3093628,410840,1690285,541382,985297,0
VMTimerEvent,10000000,2394953,0,0,906029,1395845,517272,4785901,0
VMTimerEvent,10000000,5627974,0,0,911305,1478909,341738,1640074,0
VMTimerEvent,10000000,4610972,0,1207236,362123,1868076,358088,1593505,0
VMTimerEvent,10000000,5016533,0,2018697,204793,657581,96982,2005414,0
VMTimerEvent,10000000,10000000,0,0,0,0,0,0,0
VMTimerEvent,10000000,3954276,0,2983964,471316,1277840,172492,1140112,0
VMTimerEvent,10000000,1258017,0,1665388,650674,1169483,349121,4907317,0
VMTimerEvent,10000000,4219993,0,328875,736248,2323876,375976,2015032,0
VMTimerEvent,10000000,2600136,0,4218316,300482,1227791,656125,997150,0
VMTimerEvent,10000000,2662445,0,3502794,331910,1111357,224067,2167427,0
VMTimerEvent,10000000,7955333,0,0,401560,541307,425191,676609,0
VMTimerEvent,10000000,2037523,0,1104272,494664,1196049,306972,4860520,0
VMTimerEvent,10000000,4834746,0,490963,439438,1508373,572159,2154321,0
VMTimerEvent,10000000,1163835,0,4959186,343018,746812,215844,2571305,0
VMTimerEvent,10000000,5113549,0,1530501,255924,889869,133382,2076775,0
VMTimerEvent,10000000,5433320,0,2549286,90477,724373,421077,781467,0
VMTimerEvent,10000000,8952063,0,0,72191,269486,102125,604135,0
VMTimerEvent,10000000,6851251,0,0,386406,726776,148407,1887160,0
VMTimerEvent,10000000,2126013,0,3934959,307399,1058831,343898,2228900,0
VMTimerEvent,10000000,6602023,0,2298770,24430,286362,88502,699913,0
VMTimerEvent,10000000,5444421,3437985,0,74050,227590,85093,730861,0
VMTimerEvent,10000000,0,10000000,0,0,0,0,0,0
VMTimerEvent,10000000,12073,7526440,1597660,0,119928,0,743899,0
VMTimerEvent,10000000,3852442,0,4665145,53055,604176,295371,529811,0
VMTimerEvent,10000000,3775707,0,5318990,71820,684204,32025,117254,0
VMTimerEvent,10000000,0,0,10000000,0,0,0,0,0
VMTimerEvent,10000000,3724368,0,5238115,161484,186577,106269,583187,0
VMTimerEvent,10000000,6446228,0,930986,282300,1190866,64975,1084645,0
VMTimerEvent,10000000,1963619,0,0,620434,1252798,429523,5733626,0
VMTimerEvent,10000000,2334964,0,3464936,298051,1320757,181784,2399508,0
VMTimerEvent,10000000,3632347,0,3682203,171183,1051077,352055,1111135,0
VMTimerEvent,10000000,5083426,0,3678769,6563,321946,169581,739715,0
VMTimerEvent,10000000,0,0,10000000,0,0,0,0,0
VMTimerEvent,10000000,501555,0,8285007,0,1160731,11005,41702,0
VMTimerEvent,10000000,7928745,0,725448,67491,522970,111485,643861,0
VMTimerEvent,10000000,8773095,0,0,49634,334866,130618,711787,0
VMTimerEvent,10000000,4776950,0,3209363,436399,1492282,17613,67393,0
VMTimerEvent,10000000,5561892,0,2157827,598109,1368648,50040,263484,0
VMTimerEvent,10000000,471362,0,424648,10523,135623,0,8957844,0
VMTimerEvent,10000000,2966989,0,356700,288991,322904,21430,6042986,0
VMTimerEvent,10000000,7697656,0,0,32902,450766,48016,1770660,0
VMTimerEvent,10000000,1019887,0,8818831,4424,48762,5756,102340,0
VMTimerEvent,10000000,2464383,0,6816251,12392,169409,23457,514108,0
VMTimerEvent,10000000,7959460,0,0,30602,450944,76026,1482968,0
VMTimerEvent,10000000,4173050,0,0,79241,1041722,36726,4669261,0
VMTimerEvent,10000000,4248826,0,0,63640,1075855,21604,4590075,0
VMTimerEvent,10000000,4904933,0,2271068,315335,589892,123455,1795317,0
VMTimerEvent,10000000,2876995,0,0,57108,487892,29716,6548289,0
VMTimerEvent,10000000,6083078,0,0,87656,331779,3596,3493891,0
VMTimerEvent,10000000,3591546,0,1463626,997278,836778,14359,3096413,0
VMTimerEvent,10000000,3590189,0,1080418,131484,546027,6941,4644941,0
VMTimerEvent,10000000,963383,0,8950657,12085,29495,44380,0,0
VMTimerEvent,10000000,0,0,10000000,0,0,0,0,0
VMTimerEvent,10000000,0,0,10000000,0,0,0,0,0
VMTimerEvent,10000000,1335522,0,5213305,88448,2426824,49992,885909,0
VMTimerEvent,10000000,5705416,0,994593,235298,440370,20304,2604019,0
VMTimerEvent,10000000,7772218,0,0,92984,435491,15510,1683797,0
VMTimerEvent,10000000,1864574,0,1930408,156257,449182,10751,5588828,0
VMTimerEvent,10000000,800156,0,8509728,260212,335094,40046,54764,0
VMTimerEvent,10000000,2627860,0,899857,383740,1707483,532870,3848190,0
VMTimerEvent,10000000,3087431,0,1603460,738490,1216424,812857,2541338,0
VMTimerEvent,10000000,4490760,0,0,581518,1685261,499470,2742991,0
VMTimerEvent,10000000,4636007,0,1261290,645473,1758553,822293,876384,0
VMTimerEvent,10000000,3575265,0,2423500,479845,2513525,424225,583640,0
VMTimerEvent,10000000,1732015,0,5891020,223030,1018050,196645,939240,0
VMTimerEvent,10000000,4019390,0,409785,470861,1545237,537356,3017371,0
VMTimerEvent,10000000,4327228,0,0,488115,1495061,561395,3128201,0
VMTimerEvent,10000000,2017439,0,1218225,569616,1207347,356620,4630753,0
VMTimerEvent,10000000,4075026,0,0,475169,1409793,604055,3435957,0
VMTimerEvent,10000000,3513888,0,2507186,234243,1191686,325698,2227299,0
VMTimerEvent,10000000,2090535,0,4764114,246230,795310,367794,1736017,0
VMTimerEvent,10000000,975153,0,8351701,104974,480339,87833,0,0
VMTimerEvent,10000000,1431932,0,2904692,366065,1036885,267113,3993313,0
VMTimerEvent,10000000,2582012,0,2681575,340435,1097219,217453,3081306,0
VMTimerEvent,10000000,4749965,0,248004,597791,1532984,543192,2328064,0
VMTimerEvent,10000000,1201591,0,6651693,321465,487220,174890,1163141,0
VMTimerEvent,10000000,768582,0,8742437,53536,158186,188772,88487,0
VMTimerEvent,10000000,5339985,0,2521575,107481,1651239,81786,297934,0
VMTimerEvent,10000000,8004844,0,3794,26838,236729,72255,1655540,0
VMTimerEvent,10000000,5799253,0,0,365676,1423028,260021,2152022,0
VMTimerEvent,10000000,5513436,0,0,273229,1078692,360916,2773727,0
VMTimerEvent,10000000,5408572,0,82758,343480,1292860,414048,2458282,0
VMTimerEvent,10000000,0,0,10000000,0,0,0,0,0
VMTimerEvent,10000000,0,0,10000000,0,0,0,0,0
VMTimerEvent,10000000,563777,0,7919594,14596,1363945,45888,92200,0
VMTimerEvent,10000000,2369581,0,4473734,294812,726493,193145,1942235,0
VMTimerEvent,10000000,7322594,0,1671926,0,377668,128176,499636,0
VMTimerEvent,10000000,2789330,0,5026522,201578,1572088,178101,232381,0
VMTimerEvent,10000000,5666864,0,1344662,123770,1409704,396595,1058405,0
VMTimerEvent,10000000,8609383,0,0,0,448366,185367,756884,0
VMTimerEvent,10000000,2992710,0,2833701,534948,717175,323058,2598408,0
VMTimerEvent,10000000,3579675,0,3720060,270520,1194690,426500,808555,0
VMTimerEvent,10000000,2069222,0,1480840,414880,1650040,257066,4127952,0
VMTimerEvent,10000000,4018667,0,0,650995,1116846,413375,3800117,0
VMTimerEvent,10000000,7579784,0,0,97516,963796,383576,975328,0
VMTimerEvent,10000000,8851683,0,0,0,414092,159055,575170,0
VMTimerEvent,10000000,6040869,0,454369,357478,1234094,261982,1651208,0
VMTimerEvent,10000000,4419175,0,2237865,291476,900707,376989,1773788,0
VMTimerEvent,10000000,1316320,0,3363205,289660,1061600,213160,3756055,0
VMTimerEvent,10000000,2780431,0,1904456,470798,1842540,461868,2539907,0
VMTimerEvent,10000000,4029636,0,2111045,666951,2295953,449535,446880,0
VMTimerEvent,10000000,6377478,0,862194,102650,698378,95619,1863681,0
VMTimerEvent,10000000,8474470,0,723380,78409,645356,18426,59959,0
VMTimerEvent,10000000,4643325,0,372514,439215,1859419,332398,2353129,0
VMTimerEvent,10000000,4135206,0,2097648,240050,2865586,325310,336200,0
VMTimerEvent,10000000,2478914,0,6219509,114040,1076495,25466,85576,0
VMTimerEvent,10000000,5564997,0,1843918,87926,917933,70510,1514716,0
VMTimerEvent,10000000,8729945,0,400279,117718,476190,86350,189518,0
VMTimerEvent,10000000,4884890,0,107258,465052,2999108,722125,821567,0
VMTimerEvent,10000000,3129139,0,3137842,190516,2584280,202302,755921,0
VMTimerEvent,10000000,5865284,0,1090273,119141,2443336,114009,367957,0
VMTimerEvent,10000000,7083496,0,0,5399,303790,98708,2508607,0
VMTimerEvent,10000000,8670878,0,0,0,69333,53470,1206319,0
VMTimerEvent,10000000,9143693,0,0,166613,654373,14861,20460,0
VMTimerEvent,10000000,6259317,0,0,401229,2043411,434738,861305,0
VMTimerEvent,10000000,3824032,0,2274050,246009,2927257,329814,398838,0
VMTimerEvent,10000000,2022464,0,5753613,161600,1142297,225010,695016,0
VMTimerEvent,10000000,4141807,0,1457543,1574796,2118980,165558,541316,0
VMTimerEvent,10000000,9260097,0,0,13115,481433,19020,226335,0
VMTimerEvent,10000000,4337820,0,0,39940,663230,202730,4756280,0
VMTimerEvent,10000000,10000000,0,0,0,0,0,0,0
VMTimerEvent,10000000,3843372,0,4141576,389555,1222140,175167,228190,0
VMTimerEvent,10000000,5812067,0,0,746925,1561843,390609,1488556,0
VMTimerEvent,10000000,5651146,0,0,1243020,1954144,329930,821760,0
VMTimerEvent,10000000,5936240,0,656620,389400,2292778,453510,271452,0
VMTimerEvent,10000000,7343394,0,0,273756,1842372,300390,240088,0
VMTimerEvent,10000000,5445967,0,0,1007769,2747374,572265,226625,0
VMTimerEvent,10000000,6060157,0,0,226798,3235299,411715,66031,0
VMTimerEvent,10000000,780575,0,8502379,2175,509876,204995,0,0
VMTimerEvent,10000000,2693458,0,4519100,460412,2004528,237697,84805,0
VMTimerEvent,10000000,5015512,0,618479,184247,3514350,588846,78566,0
VMTimerEvent,10000000,5240014,0,0,66414,3449319,1209353,34900,0
VMTimerEvent,10000000,5506571,0,0,49780,3476647,935247,31755,0
VMTimerEvent,10000000,3352364,0,4012686,39800,2069040,477170,48940,0
VMTimerEvent,10000000,4111608,0,2501594,127580,2129422,848260,281536,0
VMTimerEvent,10000000,5634584,0,0,37160,3116486,1160110,51660,0
VMTimerEvent,10000000,2349656,5227364,0,0,1147070,534190,741720,0
VMTimerEvent,10000000,0,10000000,0,0,0,0,0,0
VMTimerEvent,10000000,0,10000000,0,0,0,0,0,0
VMTimerEvent,10000000,0,8211174,0,0,0,0,1788826,0
VMTimerEvent,10000000,4412004,67018,1485614,191952,2579086,584918,679408,0
VMTimerEvent,10000000,3213280,0,424926,2314924,1473910,606090,1966870,0
VMTimerEvent,10000000,880290,0,1286990,1725030,496160,199510,5412020,0
VMTimerEvent,10000000,1533540,0,3325159,4143101,998200,0,0,0
VMTimerEvent,10000000,2299527,0,1036735,944237,859046,19571,4840884,0
VMTimerEvent,10000000,3740322,0,474716,1103948,692677,125884,3862453,0
VMTimerEvent,10000000,2395760,0,5241728,625693,1038948,45248,652623,0
VMTimerEvent,10000000,1084620,0,6107699,2044415,763266,0,0,0
VMTimerEvent,10000000,1710184,0,1425890,1094451,771895,220470,4777110,0
VMTimerEvent,10000000,6416390,0,0,150028,1535020,808318,1090244,0
VMTimerEvent,10000000,10000000,0,0,0,0,0,0,0
VMTimerEvent,10000000,5871052,0,517252,1011619,1557807,207970,834300,0
VMTimerEvent,10000000,5017641,0,0,592952,1853243,352585,2183579,0
VMTimerEvent,10000000,3097111,0,1517875,164440,1566464,171090,3483020,0
VMTimerEvent,10000000,3451110,0,723208,1434815,3474660,101304,814903,0
VMTimerEvent,10000000,1595015,0,1309057,852017,609683,27344,5606884,0
VMTimerEvent,10000000,2079856,0,1989765,1012172,943085,45618,3929504,0
VMTimerEvent,10000000,2434677,0,2398082,2734932,1207995,112650,1111664,0
VMTimerEvent,10000000,1633883,0,1335204,1029803,1199971,410322,4390817,0
VMTimerEvent,10000000,1528106,0,2330737,2001172,1228019,12340,2899626,0
VMTimerEvent,10000000,767342,0,5914624,422151,2779865,6786,109232,0
VMTimerEvent,10000000,1224446,0,6381696,1939648,454210,0,0,0
VMTimerEvent,10000000,1737149,0,2218205,747237,681233,70104,4546072,0
VMTimerEvent,10000000,3540556,0,3536473,645593,2165362,1322,110694,0
VMTimerEvent,10000000,3652130,0,994754,976623,1281382,12256,3082855,0
VMTimerEvent,10000000,2993031,0,239456,3319665,936281,118824,2392743,0
VMTimerEvent,10000000,6768177,0,1359525,164044,295994,52550,1359710,0
VMTimerEvent,10000000,10000000,0,0,0,0,0,0,0
VMTimerEvent,10000000,9997686,0,0,0,0,2314,0,0
VMTimerEvent,10000000,10000000,0,0,0,0,0,0,0
VMTimerEvent,10000000,10000000,0,0,0,0,0,0,0
VMTimerEvent,10000000,8438065,0,410183,554009,463473,20006,114264,0
VMTimerEvent,10000000,2898650,0,3088615,2731975,1280760,0,0,0
VMTimerEvent,10000000,1814465,0,290045,910765,685940,3685,6295100,0
VMTimerEvent,10000000,3914007,0,0,178104,397493,0,5510396,0
VMTimerEvent,10000000,4013433,0,904886,1010443,889651,33902,3147685,0
VMTimerEvent,10000000,1896944,0,0,78621,612661,0,7411774,0
VMTimerEvent,10000000,7288731,0,1222442,238962,720247,30005,499613,0
VMTimerEvent,10000000,1965688,0,2097806,40908,797960,2748,5094890,0
VMTimerEvent,10000000,1681676,0,0,52898,555486,0,7709940,0
VMTimerEvent,10000000,8896236,0,0,145668,388432,3652,566012,0
VMTimerEvent,10000000,2381050,0,5181228,1324409,566793,26528,519992,0
VMTimerEvent,10000000,2333946,0,6579666,29250,996334,4290,56514,0
VMTimerEvent,10000000,483436,0,5542533,13595,363448,0,3596988,0
VMTimerEvent,10000000,4479267,0,2150310,147887,550178,20090,2652268,0
VMTimerEvent,10000000,3228730,0,5593512,286257,675802,10499,205200,0
VMTimerEvent,10000000,7740391,0,1756748,46783,446639,0,9439,0
VMTimerEvent,10000000,5368558,0,2946158,205275,1033393,25686,420930,0
VMTimerEvent,10000000,7503482,0,2082720,34798,379000,0,0,0
VMTimerEvent,10000000,8681984,0,560048,30608,704336,0,23024,0
VMTimerEvent,10000000,7544468,0,0,258532,1443230,36502,717268,0
VMTimerEvent,10000000,9477777,0,0,42668,479555,0,0,0
VMTimerEvent,10000000,8861552,0,0,54520,866798,6656,210474,0
VMTimerEvent,10000000,5287695,0,2405153,151643,1075092,43457,1036960,0
VMTimerEvent,10000000,9384500,0,0,45690,555160,0,14650,0
VMTimerEvent,10000000,5243403,0,3392652,207799,720313,30753,405080,0
VMTimerEvent,10000000,8152883,0,1156240,34482,612575,2328,41492,0
VMTimerEvent,10000000,7646982,0,1178293,38850,810979,22214,302682,0
VMTimerEvent,10000000,7255971,0,1106800,79241,1485884,5155,66949,0
VMTimerEvent,10000000,9289526,0,0,65786,644688,0,0,0
VMTimerEvent,10000000,3910051,0,5397692,8468,456440,11038,216311,0
VMTimerEvent,10000000,2354197,0,6585026,21559,861230,14489,163499,0
VMTimerEvent,10000000,7861941,0,1739423,35472,363164,0,0,0
VMTimerEvent,10000000,7780045,0,514433,213752,888240,288694,314836,0
VMTimerEvent,10000000,5446796,0,2864090,217750,1384294,5970,81100,0
VMTimerEvent,10000000,9185086,0,286286,71990,449226,0,7412,0
VMTimerEvent,10000000,5214212,0,722744,433965,1478030,301663,1849386,0
VMTimerEvent,10000000,9373248,0,0,41520,575120,0,10112,0
VMTimerEvent,10000000,5631546,0,0,278680,1137465,167138,2785171,0
VMTimerEvent,10000000,5908675,0,1747144,116855,1208372,289639,729315,0
VMTimerEvent,10000000,9299510,0,0,47020,642900,0,10570,0
VMTimerEvent,10000000,3401500,0,2544198,292760,1022347,226955,2512240,0
VMTimerEvent,10000000,2749799,0,5554207,300049,1101465,93061,201419,0
VMTimerEvent,10000000,7026745,0,1338445,1159050,419255,4075,52430,0
VMTimerEvent,10000000,4099200,0,5482140,12225,406435,0,0,0
VMTimerEvent,10000000,4138234,0,0,103664,390264,0,5367838,0
VMTimerEvent,10000000,4040611,0,4256852,223933,1069033,134399,275172,0
VMTimerEvent,10000000,6604997,0,2548746,210835,587171,3382,44869,0
VMTimerEvent,10000000,3499619,0,0,204563,630854,222740,5442224,0
VMTimerEvent,10000000,6970568,0,1847645,199826,846429,62967,72565,0
VMTimerEvent,10000000,3889398,0,0,27204,567573,9846,5505979,0
VMTimerEvent,10000000,2741263,0,3476134,314068,1220133,330476,1917926,0
VMTimerEvent,10000000,7300521,0,821059,65703,565274,2846,1244597,0
VMTimerEvent,10000000,3692638,0,903200,93374,934621,13736,4362431,0
VMTimerEvent,10000000,4469783,0,462197,576727,1407807,489487,2593999,0
VMTimerEvent,10000000,5540297,0,0,29188,354024,0,4076491,0
VMTimerEvent,10000000,3257876,0,0,381243,792739,183341,5384801,0
VMTimerEvent,10000000,4603154,0,0,367842,1178707,509858,3340439,0
VMTimerEvent,10000000,4540656,0,3566991,25058,308160,0,1559135,0
VMTimerEvent,10000000,6565332,0,1351023,318340,1429250,20265,315790,0
VMTimerEvent,10000000,4047225,0,4696025,146918,844468,193336,72028,0
VMTimerEvent,10000000,8747761,0,0,54732,620448,0,577059,0
VMTimerEvent,10000000,3674055,0,1924476,553792,1680995,31756,2134926,0
VMTimerEvent,10000000,0,0,10000000,0,0,0,0,0
VMTimerEvent,10000000,4480789,0,4244160,221419,740943,205488,107201,0
VMTimerEvent,10000000,6719648,0,0,203832,973634,8772,2094114,0
VMTimerEvent,10000000,2710119,0,536296,992540,1579300,242136,3939609,0
VMTimerEvent,10000000,2258088,0,2989809,849672,1541136,340424,2020871,0
VMTimerEvent,10000000,5885800,0,3103962,16060,943986,5028,45164,0
VMTimerEvent,10000000,4195591,0,0,311471,900494,183549,4408895,0
VMTimerEvent,10000000,2034976,0,1453578,476922,1682981,423873,3927670,0
VMTimerEvent,10000000,7276527,0,954865,98326,882510,258792,528980,0
VMTimerEvent,10000000,4317254,0,1577182,31668,496112,2648,3575136,0
VMTimerEvent,10000000,1064545,0,4749602,273791,688750,212669,3010643,0
VMTimerEvent,10000000,1712429,0,5197887,503682,719933,295908,1570161,0
VMTimerEvent,10000000,4710898,0,4298287,245225,685015,4030,56545,0
VMTimerEvent,10000000,5725627,0,0,36310,444660,0,3793403,0
VMTimerEvent,10000000,3618627,0,3182113,716042,1646065,14855,822298,0
VMTimerEvent,10000000,4595368,0,1356387,919193,814666,27351,2287035,0
VMTimerEvent,10000000,2536578,0,599796,2076676,715736,24464,4046750,0
VMTimerEvent,10000000,3674873,0,1359849,362505,1320242,98651,3183880,0
VMTimerEvent,10000000,2465747,0,5748038,227188,1397982,2055,158990,0
VMTimerEvent,10000000,3107240,0,4870380,897085,1123430,1865,0,0
VMTimerEvent,10000000,5946500,0,1764805,1318780,914835,3565,51515,0
VMTimerEvent,10000000,9854227,0,0,7396,138377,0,0,0
VMTimerEvent,10000000,6623915,0,0,47834,527500,26704,2774047,0
VMTimerEvent,10000000,8935072,0,0,125129,519429,18263,402107,0
VMTimerEvent,10000000,9199720,0,0,7160,471700,15626,305794,0
VMTimerEvent,10000000,8790000,0,0,11552,619204,27602,551642,0
VMTimerEvent,10000000,8663700,0,0,13382,764076,26764,532078,0
VMTimerEvent,10000000,8727532,0,0,12964,618574,28104,612826,0
VMTimerEvent,10000000,8623436,0,0,13656,734326,27246,601336,0
VMTimerEvent,10000000,8764072,0,0,11732,666964,25480,531752,0
VMTimerEvent,10000000,8811411,0,0,12526,622622,24175,529266,0
VMTimerEvent,10000000,8725031,0,0,13469,703950,23097,534453,0
VMTimerEvent,10000000,8089481,0,0,12376,1286647,23875,587621,0
VMTimerEvent,10000000,6819546,0,426690,645527,626181,49775,1432281,0
VMTimerEvent,10000000,4977242,0,0,327185,1606888,279353,2809332,0
VMTimerEvent,10000000,3663488,0,3320968,830266,1782542,96540,306196,0
VMTimerEvent,10000000,9234110,0,0,38501,665661,3620,58108,0
VMTimerEvent,10000000,4317351,0,733058,3665,305460,6270,4634196,0
VMTimerEvent,10000000,476161,0,7632847,2524,127128,4376,1756964,0
VMTimerEvent,10000000,0,0,10000000,0,0,0,0,0
VMTimerEvent,10000000,1334279,0,2924005,10788,443397,19544,5267987,0
VMTimerEvent,10000000,3025177,0,0,6868,460362,14160,6493433,0
VMTimerEvent,10000000,7153446,0,0,338480,1210148,176984,1120942,0
VMTimerEvent,10000000,2929711,0,0,6248,353855,0,6710186,0
VMTimerEvent,10000000,2714178,0,0,3070,395057,5724,6881971,0
VMTimerEvent,10000000,6876327,0,525061,170693,1399334,32564,996021,0
VMTimerEvent,10000000,9706058,0,0,25648,268294,0,0,0
VMTimerEvent,10000000,710272,0,5975784,5761,75374,0,3232809,0
VMTimerEvent,10000000,0,0,10000000,0,0,0,0,0
VMTimerEvent,10000000,0,0,10000000,0,0,0,0,0
VMTimerEvent,10000000,0,0,10000000,0,0,0,0,0
VMTimerEvent,10000000,0,0,10000000,0,0,0,0,0
VMTimerEvent,10000000,0,0,10000000,0,0,0,0,0
VMTimerEvent,10000000,5923402,0,764188,234140,2910526,8179,159565,0
VMTimerEvent,10000000,8896595,0,0,37792,951832,5764,108017,0
VMTimerEvent,10000000,5142131,3183432,0,363106,575261,12462,723608,0
VMTimerEvent,10000000,0,10000000,0,0,0,0,0,0
VMTimerEvent,10000000,0,8793858,0,0,0,0,1206142,0
VMTimerEvent,10000000,2393324,165960,4254080,1132104,1431780,211186,411566,0
VMTimerEvent,10000000,6506076,0,2538692,196244,704664,3640,50684,0
VMTimerEvent,10000000,6340302,0,0,10394,850934,14792,2783578,0
VMTimerEvent,10000000,8961624,0,0,5358,725280,13284,294454,0
VMTimerEvent,10000000,4121697,0,2311528,363858,1582402,69080,1551435,0
VMTimerEvent,10000000,5856535,0,0,25765,385512,0,3732188,0
VMTimerEvent,10000000,8857975,0,0,6020,937815,11310,186880,0
VMTimerEvent,10000000,9414800,0,0,3340,463520,4660,113680,0
VMTimerEvent,10000000,6099571,0,0,668250,1899663,57790,1274726,0
VMTimerEvent,10000000,7009373,0,0,35230,1348517,0,1606880,0
VMTimerEvent,10000000,9010300,0,0,0,989700,0,0,0
VMTimerEvent,10000000,9444460,0,0,0,401900,7370,146270,0
VMTimerEvent,10000000,4347134,0,0,2942728,2254858,158096,297184,0
VMTimerEvent,10000000,7401534,0,0,190899,1049285,3228,1355054,0
VMTimerEvent,10000000,8698747,0,0,0,1301253,0,0,0
VMTimerEvent,10000000,5707914,0,1067447,492534,2567277,10250,154578,0
VMTimerEvent,10000000,6345560,0,236311,469668,2830417,60087,57957,0
VMTimerEvent,10000000,6764902,0,422763,300541,979829,16830,1515135,0
VMTimerEvent,10000000,8427370,0,0,69272,1011931,24228,467199,0
VMTimerEvent,10000000,8215296,0,0,32064,1093706,32491,626443,0
VMTimerEvent,10000000,8825237,0,0,28151,593133,26853,526626,0
VMTimerEvent,10000000,8630114,0,0,37584,913364,21672,397266,0
VMTimerEvent,10000000,8593540,0,0,32532,863104,25666,485158,0
VMTimerEvent,10000000,8328539,0,0,34482,1125541,24603,486835,0
VMTimerEvent,10000000,8647639,0,0,49320,989960,16143,296938,0
VMTimerEvent,10000000,8746705,0,0,52872,990473,10384,199566,0
VMTimerEvent,10000000,6239400,0,0,915321,1152977,116636,1575666,0
VMTimerEvent,10000000,5500466,0,1444253,177027,725999,102802,2049453,0
VMTimerEvent,10000000,6623615,0,0,407220,2764078,77787,127300,0
VMTimerEvent,10000000,6144288,0,0,1523115,2153033,17736,161828,0
VMTimerEvent,10000000,5315411,0,499040,784634,1337010,88409,1975496,0
VMTimerEvent,10000000,7250565,0,0,41167,830472,5984,1871812,0
VMTimerEvent,10000000,6965070,0,0,637262,1750246,153005,494417,0
VMTimerEvent,10000000,6088743,0,0,48330,2207792,172994,1482141,0
VMTimerEvent,10000000,6831161,0,0,58064,385372,7718,2717685,0
VMTimerEvent,10000000,7882097,0,0,40977,1542086,103652,431188,0
VMTimerEvent,10000000,6671899,0,0,40422,985078,153228,2149373,0
VMTimerEvent,10000000,4919991,0,0,908565,3797608,174975,198861,0
VMTimerEvent,10000000,7672183,0,0,61252,559677,5088,1701800,0
VMTimerEvent,10000000,5997166,0,0,729013,1655882,243924,1374015,0
VMTimerEvent,10000000,7302986,0,0,1172118,497708,8744,1018444,0
VMTimerEvent,10000000,2834201,0,0,1591810,1605234,843703,3125052,0
VMTimerEvent,10000000,6534624,0,1665356,135042,1353734,177444,133800,0
VMTimerEvent,10000000,3797925,0,4320665,210150,654671,183194,833395,0
VMTimerEvent,10000000,7454511,0,0,362291,1005864,30396,1146938,0
VMTimerEvent,10000000,3391480,0,3644176,619732,823331,91241,1430040,0
VMTimerEvent,10000000,2871516,0,2044699,978861,2341727,535086,1228111,0
VMTimerEvent,10000000,7284134,0,219988,142453,1434852,83105,835468,0
VMTimerEvent,10000000,3221577,0,0,1464016,983056,281356,4049995,0
VMTimerEvent,10000000,1824008,0,7335256,17644,610328,37276,175488,0
VMTimerEvent,10000000,7150855,0,0,118328,1163224,49152,1518441,0
VMTimerEvent,10000000,2935141,0,3545673,416954,1689330,302283,1110619,0
VMTimerEvent,10000000,7171512,0,435212,237832,899793,42651,1213000,0
VMTimerEvent,10000000,2831438,0,1826360,306288,1763920,266920,3005074,0
VMTimerEvent,10000000,2162158,0,5868094,170352,1214212,488684,96500,0
VMTimerEvent,10000000,6829654,0,1242904,367351,864326,38079,657686,0
VMTimerEvent,10000000,2963187,0,3017790,231947,1484779,13758,2288539,0
VMTimerEvent,10000000,2935147,0,407271,946157,1587246,305833,3818346,0
VMTimerEvent,10000000,3402939,0,2515380,339415,2401358,519877,821031,0
VMTimerEvent,10000000,2284321,0,0,261164,684292,61836,6708387,0
VMTimerEvent,10000000,3159450,0,1691696,109440,673788,26244,4339382,0
VMTimerEvent,10000000,1687269,0,5124930,319770,1179840,37585,1650606,0
VMTimerEvent,10000000,2486113,0,1663341,372841,1294161,247080,3936464,0
VMTimerEvent,10000000,2599885,0,5747923,103616,1062686,247453,238437,0
VMTimerEvent,10000000,1273222,0,5654080,1505298,1148081,140605,278714,0
VMTimerEvent,10000000,2096914,0,3561140,2790706,1334823,24428,191989,0
VMTimerEvent,10000000,3265271,0,0,1098901,2023826,359228,3252774,0
VMTimerEvent,10000000,2675930,0,1068886,1288738,1792458,191572,2982416,0
VMTimerEvent,10000000,3010934,0,1316828,274867,2031855,348374,3017142,0
VMTimerEvent,10000000,4228852,0,1778112,273534,2545583,655509,518410,0
VMTimerEvent,10000000,3426894,0,0,884191,2318367,206952,3163596,0
VMTimerEvent,10000000,1631489,0,0,564264,1303532,389129,6111586,0
VMTimerEvent,10000000,4295124,0,347730,245812,2467204,509434,2134696,0
VMTimerEvent,10000000,4473802,0,0,365720,2682174,365228,2113076,0
VMTimerEvent,10000000,1062029,0,4386926,352343,880584,235168,3082950,0
VMTimerEvent,10000000,0,0,10000000,0,0,0,0,0
VMTimerEvent,10000000,4345695,0,1894426,731866,2250386,384976,392651,0
VMTimerEvent,10000000,4631747,0,0,355544,2265620,231339,2515750,0
VMTimerEvent,10000000,4005801,0,1517702,1222693,2731796,175132,346876,0
VMTimerEvent,10000000,4306710,0,1736125,1034495,2903131,19539,0,0
VMTimerEvent,10000000,1040118,0,6685296,685176,1153787,67164,368459,0
VMTimerEvent,10000000,0,0,10000000,0,0,0,0,0
VMTimerEvent,10000000,0,0,8392342,0,1607658,0,0,0
VMTimerEvent,10000000,3832892,0,2779836,743056,2245904,202026,196286,0
VMTimerEvent,10000000,4417699,0,1674124,235636,3255294,195169,222078,0
VMTimerEvent,10000000,5639160,0,0,253870,3320690,313980,472300,0
VMTimerEvent,10000000,4207554,0,0,1963990,3216736,160710,451010,0
VMTimerEvent,10000000,5457840,0,754920,488570,2112190,294830,891650,0
VMTimerEvent,10000000,1726478,0,1799250,2180010,908088,45014,3341160,0
VMTimerEvent,10000000,2683379,0,1947515,3477515,1618181,78405,195005,0
VMTimerEvent,10000000,2371230,0,3924279,2574950,953931,1880,173730,0
VMTimerEvent,10000000,3410398,0,931030,1436330,2693869,37120,1491253,0
VMTimerEvent,10000000,1457133,0,3693809,2846200,828062,24880,1149916,0
VMTimerEvent,10000000,3611009,0,382980,1946635,1886886,61631,2110859,0
VMTimerEvent,10000000,4768459,0,1057636,1180822,1352569,591868,1048646,0
VMTimerEvent,10000000,10000000,0,0,0,0,0,0,0
VMTimerEvent,10000000,10000000,0,0,0,0,0,0,0
VMTimerEvent,10000000,10000000,0,0,0,0,0,0,0
VMTimerEvent,10000000,8854821,0,113198,322718,706881,2382,0,0
VMTimerEvent,10000000,5215850,0,3325792,812226,620418,2014,23700,0
VMTimerEvent,10000000,3738189,0,2753920,1037446,1393976,55366,1021103,0
VMTimerEvent,10000000,4009839,0,1837758,1225844,2415710,104173,406676,0
VMTimerEvent,10000000,4625353,0,0,1105942,4039689,4999,224017,0
VMTimerEvent,10000000,4886363,0,2409796,939857,1619508,4683,139793,0
VMTimerEvent,10000000,5441236,0,833512,526473,1288901,46736,1863142,0
VMTimerEvent,10000000,7859343,0,0,576620,932121,162719,469197,0
VMTimerEvent,10000000,4244240,0,947710,847188,863750,106348,2990764,0
VMTimerEvent,10000000,5311192,0,0,452492,4130256,16884,89176,0
VMTimerEvent,10000000,3427141,0,1131090,173416,2270297,154460,2843596,0
VMTimerEvent,10000000,1722826,0,470750,814504,1375760,115187,5500973,0
VMTimerEvent,10000000,3274337,0,159957,818436,2009966,310444,3426860,0
VMTimerEvent,10000000,4044420,0,0,426616,2271416,357719,2899829,0
VMTimerEvent,10000000,1919444,0,1263068,336632,1244912,199864,5036080,0
VMTimerEvent,10000000,5873527,0,320052,458805,1844638,637764,865214,0
VMTimerEvent,10000000,4192662,0,0,404744,2847766,166458,2388370,0
VMTimerEvent,10000000,1422344,0,0,551506,1856848,391712,5777590,0
VMTimerEvent,10000000,2017661,0,931698,416282,1122561,351664,5160134,0
VMTimerEvent,10000000,2795286,0,5930630,4093,1267464,2527,0,0
VMTimerEvent,10000000,3846020,0,2776240,98010,2286830,391980,600920,0
VMTimerEvent,10000000,3840743,0,0,566163,1958195,506393,3128506,0
VMTimerEvent,10000000,2588313,0,0,518763,2293340,368953,4230631,0
VMTimerEvent,10000000,4006968,0,4042320,113324,1414612,30452,392324,0
VMTimerEvent,10000000,0,0,10000000,0,0,0,0,0
VMTimerEvent,10000000,1908607,0,5345966,1031595,1137995,305189,270648,0
VMTimerEvent,10000000,5405488,0,0,609995,1802115,142523,2039879,0
VMTimerEvent,10000000,2629949,1538125,0,449200,1528135,232195,3622396,0
VMTimerEvent,10000000,0,10000000,0,0,0,0,0,0
VMTimerEvent,10000000,0,10000000,0,0,0,0,0,0
VMTimerEvent,10000000,1265747,451549,5886136,0,950006,38982,1407580,0
VMTimerEvent,10000000,0,0,10000000,0,0,0,0,0
VMTimerEvent,10000000,0,0,10000000,0,0,0,0,0
VMTimerEvent,10000000,0,0,10000000,0,0,0,0,0
VMTimerEvent,10000000,451861,0,7776674,46880,1298489,405598,20498,0
VMTimerEvent,10000000,3040419,0,473202,627566,2106058,274937,3477818,0
VMTimerEvent,10000000,4486040,0,832808,482113,3186458,525936,486645,0
VMTimerEvent,10000000,2419115,0,1328876,366624,2605288,231500,3048597,0
VMTimerEvent,10000000,3836090,0,0,594424,2576566,220449,2772471,0
VMTimerEvent,10000000,3800640,0,0,28283,2383837,578978,3208262,0
VMTimerEvent,10000000,1192256,0,0,241288,948629,43592,7574235,0
VMTimerEvent,10000000,3706113,0,890648,569696,4832519,1024,0,0
VMTimerEvent,10000000,3683981,0,2651117,451960,3199798,13144,0,0
VMTimerEvent,10000000,7738011,0,1138429,48305,1043784,2809,28662,0
VMTimerEvent,10000000,9022394,0,848750,22460,106396,0,0,0
VMTimerEvent,10000000,7264462,0,0,8238,516654,15240,2195406,0
VMTimerEvent,10000000,6687049,0,0,46880,1182265,36237,2047569,0
VMTimerEvent,10000000,1038387,0,6310309,24047,963711,0,1663546,0
VMTimerEvent,10000000,0,0,10000000,0,0,0,0,0
VMTimerEvent,10000000,2416134,0,2350189,50636,2070366,5070,3107605,0
VMTimerEvent,10000000,2525981,0,0,66881,3188774,0,4218364,0
VMTimerEvent,10000000,2557014,0,0,67103,3173064,0,4202819,0
VMTimerEvent,10000000,2611982,0,0,70107,3116848,0,4201063,0
VMTimerEvent,10000000,3772822,0,0,65959,2487191,15146,3658882,0
VMTimerEvent,10000000,5042898,0,0,562860,581851,187141,3625250,0
VMTimerEvent,10000000,6427914,0,0,380066,812073,21349,2358598,0
VMTimerEvent,10000000,3015227,0,4946087,129869,1561996,217977,128844,0
VMTimerEvent,10000000,0,0,10000000,0,0,0,0,0
VMTimerEvent,10000000,0,0,10000000,0,0,0,0,0
VMTimerEvent,10000000,0,0,10000000,0,0,0,0,0
VMTimerEvent,10000000,0,0,10000000,0,0,0,0,0
VMTimerEvent,10000000,0,0,10000000,0,0,0,0,0
VMTimerEvent,10000000,4730444,0,1379711,98898,2441624,29290,1320033,0
VMTimerEvent,10000000,9138936,0,0,113532,747532,0,0,0
VMTimerEvent,10000000,9274928,0,0,80362,644710,0,0,0
VMTimerEvent,10000000,6576425,0,0,524541,1120915,100889,1677230,0
VMTimerEvent,10000000,6876307,0,0,130365,914543,170436,1908349,0
VMTimerEvent,10000000,7282015,0,0,1018465,1316982,382538,0,0
VMTimerEvent,10000000,2662308,0,1590404,283813,4061842,134862,1266771,0
VMTimerEvent,10000000,4512680,0,161796,852754,2309261,384075,1779434,0
VMTimerEvent,10000000,3043332,0,788296,1141458,1499440,894280,2633194,0
VMTimerEvent,10000000,3725191,0,0,161060,1208748,273682,4631319,0
VMTimerEvent,10000000,3934325,0,0,998108,2273252,513008,2281307,0
VMTimerEvent,10000000,3897751,0,0,257058,3067672,336495,2441024,0
VMTimerEvent,10000000,2241115,0,1894730,101080,1522835,159555,4080685,0
VMTimerEvent,10000000,1033175,0,5518788,375605,594770,154520,2323142,0
VMTimerEvent,10000000,0,0,10000000,0,0,0,0,0
VMTimerEvent,10000000,1874306,0,4726255,68993,663915,171262,2495269,0
VMTimerEvent,10000000,3375043,0,365771,471320,1619120,265879,3902867,0
VMTimerEvent,10000000,3225299,0,1876163,169310,1325866,271016,3132346,0
VMTimerEvent,10000000,2392339,0,3570389,279022,1194337,276779,2287134,0
VMTimerEvent,10000000,0,0,10000000,0,0,0,0,0
VMTimerEvent,10000000,0,0,10000000,0,0,0,0,0
VMTimerEvent,10000000,0,0,10000000,0,0,0,0,0
VMTimerEvent,10000000,1146817,0,5462211,197098,1673679,181762,1338433,0
VMTimerEvent,10000000,3578666,0,3510896,978608,1268386,294830,368614,0
VMTimerEvent,10000000,900648,0,6324957,124064,543979,123968,1982384,0
VMTimerEvent,10000000,3268922,0,431826,652743,1073206,272207,4301096,0
VMTimerEvent,10000000,3549511,0,1263807,363717,2224973,422070,2175922,0
VMTimerEvent,10000000,4382157,0,0,417775,2547250,524085,2128733,0
VMTimerEvent,10000000,2942595,0,370300,761385,2143298,306605,3475817,0
VMTimerEvent,10000000,3986108,0,161475,362845,2471587,461910,2556075,0
VMTimerEvent,10000000,3908539,0,0,409457,1732765,496374,3452865,0
VMTimerEvent,10000000,3542384,0,0,343680,3063918,616170,2433848,0
VMTimerEvent,10000000,3334253,0,0,487910,2191215,347492,3639130,0
VMTimerEvent,10000000,5017350,0,0,326030,2114560,488950,2053110,0
VMTimerEvent,10000000,4572813,0,0,250453,3164254,386101,1626379,0
VMTimerEvent,10000000,2830109,0,0,433301,3053272,242947,3440371,0
VMTimerEvent,10000000,4060948,0,0,326551,2522761,368394,2721346,0
VMTimerEvent,10000000,2625754,0,2362499,307543,1770653,425284,2508267,0
VMTimerEvent,10000000,2087759,0,0,965032,1016040,364192,5566977,0
VMTimerEvent,10000000,2859309,0,5225077,56112,1854210,5292,0,0
VMTimerEvent,10000000,0,0,10000000,0,0,0,0,0
VMTimerEvent,10000000,1679504,0,6638101,105360,917712,243574,415749,0
VMTimerEvent,10000000,2439353,0,3363531,224297,2043097,194643,1735079,0
VMTimerEvent,10000000,0,0,10000000,0,0,0,0,0
VMTimerEvent,10000000,0,0,10000000,0,0,0,0,0
VMTimerEvent,10000000,0,0,10000000,0,0,0,0,0
VMTimerEvent,10000000,0,0,10000000,0,0,0,0,0
VMTimerEvent,10000000,376411,0,7373807,544018,1221728,159581,324455,0
VMTimerEvent,10000000,1499160,0,3515130,2200410,2361808,44490,379002,0